2026-03-10 20:47:54.658 - RealTimeSTT: realtimestt - INFO - Starting RealTimeSTT
2026-03-10 20:47:54.677 - RealTimeSTT: realtimestt - INFO - Initializing audio recording (creating pyAudio input stream, sample rate: 16000 buffer size: 512
2026-03-10 20:47:54.680 - RealTimeSTT: realtimestt - INFO - Initializing faster_whisper realtime transcription model tiny, default device: cuda, compute type: float32, device index: 0, download root: None
2026-03-10 20:47:55.729 - RealTimeSTT: realtimestt - DEBUG - Faster_whisper realtime speech to text transcription model initialized successfully
2026-03-10 20:47:55.729 - RealTimeSTT: realtimestt - INFO - Initializing WebRTC voice with Sensitivity 3
2026-03-10 20:47:55.731 - RealTimeSTT: realtimestt - DEBUG - WebRTC VAD voice activity detection engine initialized successfully
2026-03-10 20:47:56.180 - RealTimeSTT: realtimestt - DEBUG - Silero VAD voice activity detection engine initialized successfully
2026-03-10 20:47:56.183 - RealTimeSTT: realtimestt - DEBUG - Starting realtime worker
2026-03-10 20:47:56.183 - RealTimeSTT: realtimestt - DEBUG - Waiting for main transcription model to start
2026-03-10 20:48:02.555 - RealTimeSTT: realtimestt - DEBUG - Main transcription model ready
2026-03-10 20:48:02.556 - RealTimeSTT: realtimestt - DEBUG - RealtimeSTT initialization completed successfully
2026-03-10 20:48:02.556 - RealTimeSTT: realtimestt - INFO - Setting listen time
2026-03-10 20:48:02.556 - RealTimeSTT: realtimestt - INFO - State changed from 'inactive' to 'listening'
2026-03-10 20:48:02.558 - RealTimeSTT: realtimestt - DEBUG - Waiting for recording start
2026-03-10 20:48:07.199 - RealTimeSTT: realtimestt - INFO - voice activity detected
2026-03-10 20:48:07.199 - RealTimeSTT: realtimestt - INFO - recording started
2026-03-10 20:48:07.199 - RealTimeSTT: realtimestt - INFO - State changed from 'listening' to 'recording'
2026-03-10 20:48:07.201 - RealTimeSTT: realtimestt - DEBUG - Waiting for recording stop
2026-03-10 20:48:07.212 - RealTimeSTT: realtimestt - DEBUG - Current realtime buffer size: 16896
2026-03-10 20:48:07.438 - RealTimeSTT: realtimestt - DEBUG - Realtime text detected: okok
2026-03-10 20:48:07.438 - RealTimeSTT: realtimestt - DEBUG - Current realtime buffer size: 19968
2026-03-10 20:48:07.474 - RealTimeSTT: realtimestt - DEBUG - Realtime text detected: 你好
2026-03-10 20:48:07.651 - RealTimeSTT: realtimestt - DEBUG - Current realtime buffer size: 24064
2026-03-10 20:48:07.690 - RealTimeSTT: realtimestt - DEBUG - Realtime text detected: 你好伦严
2026-03-10 20:48:07.854 - RealTimeSTT: realtimestt - DEBUG - Current realtime buffer size: 27136
2026-03-10 20:48:07.899 - RealTimeSTT: realtimestt - DEBUG - Realtime text detected: 也好伦也
2026-03-10 20:48:08.059 - RealTimeSTT: realtimestt - DEBUG - Current realtime buffer size: 30208
2026-03-10 20:48:08.102 - RealTimeSTT: realtimestt - DEBUG - Realtime text detected: 你好伦业
2026-03-10 20:48:08.800 - RealTimeSTT: realtimestt - INFO - recording stopped
2026-03-10 20:48:08.800 - RealTimeSTT: realtimestt - DEBUG - No samples removed, final audio length: 41984
2026-03-10 20:48:08.800 - RealTimeSTT: realtimestt - INFO - State changed from 'recording' to 'inactive'
2026-03-10 20:48:08.859 - RealTimeSTT: realtimestt - INFO - State changed from 'inactive' to 'transcribing'
2026-03-10 20:48:08.861 - RealTimeSTT: realtimestt - DEBUG - Adding transcription request, no early transcription started
2026-03-10 20:48:08.861 - RealTimeSTT: realtimestt - DEBUG - Receive from parent_transcription_pipe after sendiung transcription request, transcribe_count: 1
2026-03-10 20:48:08.971 - RealTimeSTT: realtimestt - DEBUG - Receive from parent_transcription_pipe after sendiung transcription request, transcribe_count: 1
2026-03-10 20:48:09.081 - RealTimeSTT: realtimestt - DEBUG - Receive from parent_transcription_pipe after sendiung transcription request, transcribe_count: 1
2026-03-10 20:48:09.192 - RealTimeSTT: realtimestt - DEBUG - Receive from parent_transcription_pipe after sendiung transcription request, transcribe_count: 1
2026-03-10 20:48:09.302 - RealTimeSTT: realtimestt - DEBUG - Receive from parent_transcription_pipe after sendiung transcription request, transcribe_count: 1
2026-03-10 20:48:09.394 - RealTimeSTT: realtimestt - INFO - State changed from 'transcribing' to 'inactive'
2026-03-10 20:48:09.429 - RealTimeSTT: realtimestt - DEBUG - Model large-v2 completed transcription in 0.57 seconds
2026-03-10 20:48:09.430 - RealTimeSTT: realtimestt - INFO - Setting listen time
2026-03-10 20:48:09.430 - RealTimeSTT: realtimestt - INFO - State changed from 'inactive' to 'listening'
2026-03-10 20:48:09.433 - RealTimeSTT: realtimestt - DEBUG - Waiting for recording start
2026-03-10 20:48:14.369 - RealTimeSTT: realtimestt - INFO - voice activity detected
2026-03-10 20:48:14.369 - RealTimeSTT: realtimestt - INFO - recording started
2026-03-10 20:48:14.369 - RealTimeSTT: realtimestt - INFO - State changed from 'listening' to 'recording'
2026-03-10 20:48:14.369 - RealTimeSTT: realtimestt - DEBUG - Waiting for recording stop
2026-03-10 20:48:14.379 - RealTimeSTT: realtimestt - DEBUG - Current realtime buffer size: 16896
2026-03-10 20:48:14.626 - RealTimeSTT: realtimestt - DEBUG - Realtime text detected: 給我
2026-03-10 20:48:14.627 - RealTimeSTT: realtimestt - DEBUG - Current realtime buffer size: 20992
2026-03-10 20:48:14.671 - RealTimeSTT: realtimestt - DEBUG - Realtime text detected: 給我說的
2026-03-10 20:48:14.835 - RealTimeSTT: realtimestt - DEBUG - Current realtime buffer size: 24064
2026-03-10 20:48:14.894 - RealTimeSTT: realtimestt - DEBUG - Realtime text detected: 給我說得好
2026-03-10 20:48:15.040 - RealTimeSTT: realtimestt - DEBUG - Current realtime buffer size: 27136
2026-03-10 20:48:15.099 - RealTimeSTT: realtimestt - DEBUG - Realtime text detected: 給我說的好玩
2026-03-10 20:48:15.244 - RealTimeSTT: realtimestt - DEBUG - Current realtime buffer size: 30208
2026-03-10 20:48:15.303 - RealTimeSTT: realtimestt - DEBUG - Realtime text detected: 給我說著好玩的東西
2026-03-10 20:48:15.451 - RealTimeSTT: realtimestt - DEBUG - Current realtime buffer size: 33280
2026-03-10 20:48:15.505 - RealTimeSTT: realtimestt - DEBUG - Realtime text detected: 給我說著好玩的東西
2026-03-10 20:48:16.220 - RealTimeSTT: realtimestt - INFO - recording stopped
2026-03-10 20:48:16.220 - RealTimeSTT: realtimestt - DEBUG - No samples removed, final audio length: 46080
2026-03-10 20:48:16.220 - RealTimeSTT: realtimestt - INFO - State changed from 'recording' to 'inactive'
2026-03-10 20:48:16.304 - RealTimeSTT: realtimestt - INFO - State changed from 'inactive' to 'transcribing'
2026-03-10 20:48:16.306 - RealTimeSTT: realtimestt - DEBUG - Adding transcription request, no early transcription started
2026-03-10 20:48:16.320 - RealTimeSTT: realtimestt - DEBUG - Receive from parent_transcription_pipe after sendiung transcription request, transcribe_count: 1
2026-03-10 20:48:16.431 - RealTimeSTT: realtimestt - DEBUG - Receive from parent_transcription_pipe after sendiung transcription request, transcribe_count: 1
2026-03-10 20:48:16.541 - RealTimeSTT: realtimestt - DEBUG - Receive from parent_transcription_pipe after sendiung transcription request, transcribe_count: 1
2026-03-10 20:48:16.651 - RealTimeSTT: realtimestt - DEBUG - Receive from parent_transcription_pipe after sendiung transcription request, transcribe_count: 1
2026-03-10 20:48:16.762 - RealTimeSTT: realtimestt - DEBUG - Receive from parent_transcription_pipe after sendiung transcription request, transcribe_count: 1
2026-03-10 20:48:16.819 - RealTimeSTT: realtimestt - INFO - State changed from 'transcribing' to 'inactive'
2026-03-10 20:48:16.869 - RealTimeSTT: realtimestt - DEBUG - Model large-v2 completed transcription in 0.56 seconds
2026-03-10 20:48:16.870 - RealTimeSTT: realtimestt - INFO - Setting listen time
2026-03-10 20:48:16.871 - RealTimeSTT: realtimestt - INFO - State changed from 'inactive' to 'listening'
2026-03-10 20:48:16.873 - RealTimeSTT: realtimestt - DEBUG - Waiting for recording start
2026-03-10 20:48:25.439 - RealTimeSTT: realtimestt - INFO - voice activity detected
2026-03-10 20:48:25.439 - RealTimeSTT: realtimestt - INFO - recording started
2026-03-10 20:48:25.439 - RealTimeSTT: realtimestt - INFO - State changed from 'listening' to 'recording'
2026-03-10 20:48:25.439 - RealTimeSTT: realtimestt - DEBUG - Waiting for recording stop
2026-03-10 20:48:25.463 - RealTimeSTT: realtimestt - DEBUG - Current realtime buffer size: 16896
2026-03-10 20:48:25.834 - RealTimeSTT: realtimestt - DEBUG - Realtime text detected: 再次
2026-03-10 20:48:25.834 - RealTimeSTT: realtimestt - DEBUG - Current realtime buffer size: 23040
2026-03-10 20:48:25.868 - RealTimeSTT: realtimestt - DEBUG - Realtime text detected: 再見囉明
2026-03-10 20:48:26.660 - RealTimeSTT: realtimestt - INFO - recording stopped
2026-03-10 20:48:26.660 - RealTimeSTT: realtimestt - DEBUG - No samples removed, final audio length: 35840
2026-03-10 20:48:26.660 - RealTimeSTT: realtimestt - INFO - State changed from 'recording' to 'inactive'
2026-03-10 20:48:26.719 - RealTimeSTT: realtimestt - INFO - State changed from 'inactive' to 'transcribing'
2026-03-10 20:48:26.721 - RealTimeSTT: realtimestt - DEBUG - Adding transcription request, no early transcription started
2026-03-10 20:48:26.750 - RealTimeSTT: realtimestt - DEBUG - Receive from parent_transcription_pipe after sendiung transcription request, transcribe_count: 1
2026-03-10 20:48:26.861 - RealTimeSTT: realtimestt - DEBUG - Receive from parent_transcription_pipe after sendiung transcription request, transcribe_count: 1
2026-03-10 20:48:26.972 - RealTimeSTT: realtimestt - DEBUG - Receive from parent_transcription_pipe after sendiung transcription request, transcribe_count: 1
2026-03-10 20:48:27.082 - RealTimeSTT: realtimestt - DEBUG - Receive from parent_transcription_pipe after sendiung transcription request, transcribe_count: 1
2026-03-10 20:48:27.193 - RealTimeSTT: realtimestt - DEBUG - Receive from parent_transcription_pipe after sendiung transcription request, transcribe_count: 1
2026-03-10 20:48:27.202 - RealTimeSTT: realtimestt - INFO - State changed from 'transcribing' to 'inactive'
2026-03-10 20:48:27.224 - RealTimeSTT: realtimestt - DEBUG - Model large-v2 completed transcription in 0.50 seconds
2026-03-10 20:48:27.225 - RealTimeSTT: realtimestt - INFO - Setting listen time
2026-03-10 20:48:27.225 - RealTimeSTT: realtimestt - INFO - State changed from 'inactive' to 'listening'
2026-03-10 20:48:27.227 - RealTimeSTT: realtimestt - DEBUG - Waiting for recording start
2026-03-10 20:48:30.749 - RealTimeSTT: realtimestt - INFO - voice activity detected
2026-03-10 20:48:30.749 - RealTimeSTT: realtimestt - INFO - recording started
2026-03-10 20:48:30.749 - RealTimeSTT: realtimestt - INFO - State changed from 'listening' to 'recording'
2026-03-10 20:48:30.749 - RealTimeSTT: realtimestt - DEBUG - Waiting for recording stop
2026-03-10 20:48:30.781 - RealTimeSTT: realtimestt - DEBUG - Current realtime buffer size: 16896
2026-03-10 20:48:30.811 - RealTimeSTT: realtimestt - DEBUG - Realtime text detected: You?
2026-03-10 20:48:30.984 - RealTimeSTT: realtimestt - DEBUG - Current realtime buffer size: 19968
2026-03-10 20:48:31.009 - RealTimeSTT: realtimestt - DEBUG - Realtime text detected: You?
2026-03-10 20:48:31.188 - RealTimeSTT: realtimestt - DEBUG - Current realtime buffer size: 23040
2026-03-10 20:48:31.214 - RealTimeSTT: realtimestt - DEBUG - Realtime text detected: You?
2026-03-10 20:48:31.899 - RealTimeSTT: realtimestt - INFO - recording stopped
2026-03-10 20:48:31.899 - RealTimeSTT: realtimestt - DEBUG - No samples removed, final audio length: 34816
2026-03-10 20:48:31.900 - RealTimeSTT: realtimestt - INFO - State changed from 'recording' to 'inactive'
2026-03-10 20:48:31.906 - RealTimeSTT: realtimestt - INFO - State changed from 'inactive' to 'transcribing'
2026-03-10 20:48:31.908 - RealTimeSTT: realtimestt - DEBUG - Adding transcription request, no early transcription started
2026-03-10 20:48:31.922 - RealTimeSTT: realtimestt - DEBUG - Receive from parent_transcription_pipe after sendiung transcription request, transcribe_count: 1
2026-03-10 20:48:32.032 - RealTimeSTT: realtimestt - DEBUG - Receive from parent_transcription_pipe after sendiung transcription request, transcribe_count: 1
2026-03-10 20:48:32.142 - RealTimeSTT: realtimestt - DEBUG - Receive from parent_transcription_pipe after sendiung transcription request, transcribe_count: 1
2026-03-10 20:48:32.252 - RealTimeSTT: realtimestt - DEBUG - Receive from parent_transcription_pipe after sendiung transcription request, transcribe_count: 1
2026-03-10 20:48:32.363 - RealTimeSTT: realtimestt - DEBUG - Receive from parent_transcription_pipe after sendiung transcription request, transcribe_count: 1
2026-03-10 20:48:32.394 - RealTimeSTT: realtimestt - INFO - State changed from 'transcribing' to 'inactive'
2026-03-10 20:48:32.425 - RealTimeSTT: realtimestt - DEBUG - Model large-v2 completed transcription in 0.52 seconds
2026-03-10 20:48:32.426 - RealTimeSTT: realtimestt - INFO - Setting listen time
2026-03-10 20:48:32.426 - RealTimeSTT: realtimestt - INFO - State changed from 'inactive' to 'listening'
2026-03-10 20:48:32.427 - RealTimeSTT: realtimestt - DEBUG - Waiting for recording start
2026-03-10 20:48:51.809 - RealTimeSTT: realtimestt - INFO - voice activity detected
2026-03-10 20:48:51.809 - RealTimeSTT: realtimestt - INFO - recording started
2026-03-10 20:48:51.809 - RealTimeSTT: realtimestt - INFO - State changed from 'listening' to 'recording'
2026-03-10 20:48:51.809 - RealTimeSTT: realtimestt - DEBUG - Waiting for recording stop
2026-03-10 20:48:51.839 - RealTimeSTT: realtimestt - DEBUG - Current realtime buffer size: 16896
2026-03-10 20:48:51.859 - RealTimeSTT: realtimestt - DEBUG - Realtime text detected: 左邊
2026-03-10 20:48:52.042 - RealTimeSTT: realtimestt - DEBUG - Current realtime buffer size: 19968
2026-03-10 20:48:52.063 - RealTimeSTT: realtimestt - DEBUG - Realtime text detected: 瞬間
2026-03-10 20:48:52.246 - RealTimeSTT: realtimestt - DEBUG - Current realtime buffer size: 23040
2026-03-10 20:48:52.272 - RealTimeSTT: realtimestt - DEBUG - Realtime text detected: 瞬間
2026-03-10 20:48:52.450 - RealTimeSTT: realtimestt - DEBUG - Current realtime buffer size: 26112
2026-03-10 20:48:52.471 - RealTimeSTT: realtimestt - DEBUG - Realtime text detected: 瞭解我
2026-03-10 20:48:52.655 - RealTimeSTT: realtimestt - DEBUG - Current realtime buffer size: 30208
2026-03-10 20:48:52.679 - RealTimeSTT: realtimestt - DEBUG - Realtime text detected: 路面啊 给我讲
2026-03-10 20:48:52.860 - RealTimeSTT: realtimestt - DEBUG - Current realtime buffer size: 33280
2026-03-10 20:48:52.886 - RealTimeSTT: realtimestt - DEBUG - Realtime text detected: 路面啊,给我讲一下
2026-03-10 20:48:53.068 - RealTimeSTT: realtimestt - DEBUG - Current realtime buffer size: 36352
2026-03-10 20:48:53.094 - RealTimeSTT: realtimestt - DEBUG - Realtime text detected: 露面啊 给我讲讲这
2026-03-10 20:48:53.273 - RealTimeSTT: realtimestt - DEBUG - Current realtime buffer size: 39424
2026-03-10 20:48:53.301 - RealTimeSTT: realtimestt - DEBUG - Realtime text detected: 入面啊,给我讲讲这片
2026-03-10 20:48:53.480 - RealTimeSTT: realtimestt - DEBUG - Current realtime buffer size: 43520
2026-03-10 20:48:53.510 - RealTimeSTT: realtimestt - DEBUG - Realtime text detected: 入面啊 给我讲讲这片
2026-03-10 20:48:53.683 - RealTimeSTT: realtimestt - DEBUG - Current realtime buffer size: 46592
2026-03-10 20:48:53.713 - RealTimeSTT: realtimestt - DEBUG - Realtime text detected: 入面啊 给我讲讲这片
2026-03-10 20:48:53.888 - RealTimeSTT: realtimestt - DEBUG - Current realtime buffer size: 49664
2026-03-10 20:48:53.916 - RealTimeSTT: realtimestt - DEBUG - Realtime text detected: 入面啊 给我讲讲这片
2026-03-10 20:48:54.092 - RealTimeSTT: realtimestt - DEBUG - Current realtime buffer size: 52736
2026-03-10 20:48:54.123 - RealTimeSTT: realtimestt - DEBUG - Realtime text detected: 入面啊 给我讲讲这篇
2026-03-10 20:48:54.298 - RealTimeSTT: realtimestt - DEBUG - Current realtime buffer size: 55808
2026-03-10 20:48:54.331 - RealTimeSTT: realtimestt - DEBUG - Realtime text detected: 入面啊 给我讲讲这篇
2026-03-10 20:48:54.502 - RealTimeSTT: realtimestt - DEBUG - Current realtime buffer size: 59904
2026-03-10 20:48:54.537 - RealTimeSTT: realtimestt - DEBUG - Realtime text detected: 入面啊 给我讲讲这篇
2026-03-10 20:48:54.708 - RealTimeSTT: realtimestt - DEBUG - Current realtime buffer size: 62976
2026-03-10 20:48:54.753 - RealTimeSTT: realtimestt - DEBUG - Realtime text detected: 入面啊 给我讲讲这篇
2026-03-10 20:48:54.910 - RealTimeSTT: realtimestt - DEBUG - Current realtime buffer size: 66048
2026-03-10 20:48:54.953 - RealTimeSTT: realtimestt - DEBUG - Realtime text detected: 入面啊 给我讲讲这篇
2026-03-10 20:48:55.113 - RealTimeSTT: realtimestt - DEBUG - Current realtime buffer size: 69120
2026-03-10 20:48:55.158 - RealTimeSTT: realtimestt - DEBUG - Realtime text detected: 入面啊 给我讲讲这篇
2026-03-10 20:48:55.318 - RealTimeSTT: realtimestt - DEBUG - Current realtime buffer size: 72192
2026-03-10 20:48:55.382 - RealTimeSTT: realtimestt - DEBUG - Realtime text detected: 入面啊 给我讲讲这篇
2026-03-10 20:48:55.519 - RealTimeSTT: realtimestt - DEBUG - Current realtime buffer size: 75264
2026-03-10 20:48:55.582 - RealTimeSTT: realtimestt - DEBUG - Realtime text detected: 入面啊 给我讲讲这篇
2026-03-10 20:48:55.724 - RealTimeSTT: realtimestt - DEBUG - Current realtime buffer size: 79360
2026-03-10 20:48:55.778 - RealTimeSTT: realtimestt - DEBUG - Realtime text detected: 入面啊 给我讲讲这篇
2026-03-10 20:48:55.926 - RealTimeSTT: realtimestt - DEBUG - Current realtime buffer size: 82432
2026-03-10 20:48:55.992 - RealTimeSTT: realtimestt - DEBUG - Realtime text detected: 入面啊 给我讲讲这篇 国内的故务用于三维试
2026-03-10 20:48:56.127 - RealTimeSTT: realtimestt - DEBUG - Current realtime buffer size: 85504
2026-03-10 20:48:56.188 - RealTimeSTT: realtimestt - DEBUG - Realtime text detected: 入面啊 给我讲讲这篇 国内的故务用于三维实力
2026-03-10 20:48:56.332 - RealTimeSTT: realtimestt - DEBUG - Current realtime buffer size: 88576
2026-03-10 20:48:56.387 - RealTimeSTT: realtimestt - DEBUG - Realtime text detected: 入面啊 给我讲讲这篇 国内的故务用于三维师立分
2026-03-10 20:48:56.534 - RealTimeSTT: realtimestt - DEBUG - Current realtime buffer size: 91648
2026-03-10 20:48:56.606 - RealTimeSTT: realtimestt - DEBUG - Realtime text detected: 入面啊 给我讲讲这篇 国内的故务用于三位势力分割
2026-03-10 20:48:56.737 - RealTimeSTT: realtimestt - DEBUG - Current realtime buffer size: 94720
2026-03-10 20:48:56.814 - RealTimeSTT: realtimestt - DEBUG - Realtime text detected: 入面啊 给我讲讲这篇 国内的故务用于三位势力分割的
2026-03-10 20:48:56.940 - RealTimeSTT: realtimestt - DEBUG - Current realtime buffer size: 98816
2026-03-10 20:48:57.018 - RealTimeSTT: realtimestt - DEBUG - Realtime text detected: 入面啊 给我讲讲这篇观音的故务用于三位势力风歌的
2026-03-10 20:48:57.142 - RealTimeSTT: realtimestt - DEBUG - Current realtime buffer size: 101888
2026-03-10 20:48:57.230 - RealTimeSTT: realtimestt - DEBUG - Realtime text detected: 路迷啊 给我讲讲这篇
2026-03-10 20:48:57.345 - RealTimeSTT: realtimestt - DEBUG - Current realtime buffer size: 104960
2026-03-10 20:48:57.432 - RealTimeSTT: realtimestt - DEBUG - Realtime text detected: 路迷啊 给我讲讲这篇 国内的故务用于三维师立风歌的论文
2026-03-10 20:48:58.208 - RealTimeSTT: realtimestt - INFO - recording stopped
2026-03-10 20:48:58.211 - RealTimeSTT: realtimestt - DEBUG - No samples removed, final audio length: 118784
2026-03-10 20:48:58.211 - RealTimeSTT: realtimestt - INFO - State changed from 'recording' to 'inactive'
2026-03-10 20:48:58.318 - RealTimeSTT: realtimestt - INFO - State changed from 'inactive' to 'transcribing'
2026-03-10 20:48:58.320 - RealTimeSTT: realtimestt - DEBUG - Adding transcription request, no early transcription started
2026-03-10 20:48:58.349 - RealTimeSTT: realtimestt - DEBUG - Receive from parent_transcription_pipe after sendiung transcription request, transcribe_count: 1
2026-03-10 20:48:58.459 - RealTimeSTT: realtimestt - DEBUG - Receive from parent_transcription_pipe after sendiung transcription request, transcribe_count: 1
2026-03-10 20:48:58.568 - RealTimeSTT: realtimestt - DEBUG - Receive from parent_transcription_pipe after sendiung transcription request, transcribe_count: 1
2026-03-10 20:48:58.676 - RealTimeSTT: realtimestt - DEBUG - Receive from parent_transcription_pipe after sendiung transcription request, transcribe_count: 1
2026-03-10 20:48:58.784 - RealTimeSTT: realtimestt - DEBUG - Receive from parent_transcription_pipe after sendiung transcription request, transcribe_count: 1
2026-03-10 20:48:58.831 - RealTimeSTT: realtimestt - INFO - State changed from 'transcribing' to 'inactive'
2026-03-10 20:48:58.833 - RealTimeSTT: realtimestt - DEBUG - Model large-v2 completed transcription in 0.51 seconds
2026-03-10 20:48:58.834 - RealTimeSTT: realtimestt - INFO - Setting listen time
2026-03-10 20:48:58.834 - RealTimeSTT: realtimestt - INFO - State changed from 'inactive' to 'listening'
2026-03-10 20:48:58.835 - RealTimeSTT: realtimestt - DEBUG - Waiting for recording start
2026-03-10 20:49:29.568 - RealTimeSTT: realtimestt - INFO - voice activity detected
2026-03-10 20:49:29.568 - RealTimeSTT: realtimestt - INFO - recording started
2026-03-10 20:49:29.568 - RealTimeSTT: realtimestt - INFO - State changed from 'listening' to 'recording'
2026-03-10 20:49:29.569 - RealTimeSTT: realtimestt - DEBUG - Waiting for recording stop
2026-03-10 20:49:29.578 - RealTimeSTT: realtimestt - DEBUG - Current realtime buffer size: 16896
2026-03-10 20:49:29.842 - RealTimeSTT: realtimestt - DEBUG - Realtime text detected: 到一
2026-03-10 20:49:29.842 - RealTimeSTT: realtimestt - DEBUG - Current realtime buffer size: 20992
2026-03-10 20:49:29.863 - RealTimeSTT: realtimestt - DEBUG - Realtime text detected: 等一下
2026-03-10 20:49:30.046 - RealTimeSTT: realtimestt - DEBUG - Current realtime buffer size: 24064
2026-03-10 20:49:30.221 - RealTimeSTT: realtimestt - DEBUG - Realtime text detected: 等一下
2026-03-10 20:49:30.249 - RealTimeSTT: realtimestt - DEBUG - Current realtime buffer size: 27136
2026-03-10 20:49:30.270 - RealTimeSTT: realtimestt - DEBUG - Realtime text detected: 等一下等一下
2026-03-10 20:49:30.451 - RealTimeSTT: realtimestt - DEBUG - Current realtime buffer size: 30208
2026-03-10 20:49:30.479 - RealTimeSTT: realtimestt - DEBUG - Realtime text detected: 等一下等一下
2026-03-10 20:49:31.168 - RealTimeSTT: realtimestt - INFO - recording stopped
2026-03-10 20:49:31.169 - RealTimeSTT: realtimestt - DEBUG - No samples removed, final audio length: 41984
2026-03-10 20:49:31.169 - RealTimeSTT: realtimestt - INFO - State changed from 'recording' to 'inactive'
2026-03-10 20:49:31.248 - RealTimeSTT: realtimestt - INFO - State changed from 'inactive' to 'transcribing'
2026-03-10 20:49:31.250 - RealTimeSTT: realtimestt - DEBUG - Adding transcription request, no early transcription started
2026-03-10 20:49:31.263 - RealTimeSTT: realtimestt - DEBUG - Receive from parent_transcription_pipe after sendiung transcription request, transcribe_count: 1
2026-03-10 20:49:31.372 - RealTimeSTT: realtimestt - DEBUG - Receive from parent_transcription_pipe after sendiung transcription request, transcribe_count: 1
2026-03-10 20:49:31.481 - RealTimeSTT: realtimestt - DEBUG - Receive from parent_transcription_pipe after sendiung transcription request, transcribe_count: 1
2026-03-10 20:49:31.590 - RealTimeSTT: realtimestt - DEBUG - Receive from parent_transcription_pipe after sendiung transcription request, transcribe_count: 1
2026-03-10 20:49:31.649 - RealTimeSTT: realtimestt - INFO - State changed from 'transcribing' to 'inactive'
2026-03-10 20:49:31.684 - RealTimeSTT: realtimestt - DEBUG - Model large-v2 completed transcription in 0.43 seconds
2026-03-10 20:49:31.685 - RealTimeSTT: realtimestt - INFO - Setting listen time
2026-03-10 20:49:31.685 - RealTimeSTT: realtimestt - INFO - State changed from 'inactive' to 'listening'
2026-03-10 20:49:31.686 - RealTimeSTT: realtimestt - DEBUG - Waiting for recording start
2026-03-10 20:49:42.877 - RealTimeSTT: realtimestt - INFO - voice activity detected
2026-03-10 20:49:42.877 - RealTimeSTT: realtimestt - INFO - recording started
2026-03-10 20:49:42.877 - RealTimeSTT: realtimestt - INFO - State changed from 'listening' to 'recording'
2026-03-10 20:49:42.878 - RealTimeSTT: realtimestt - DEBUG - Waiting for recording stop
2026-03-10 20:49:42.901 - RealTimeSTT: realtimestt - DEBUG - Current realtime buffer size: 16896
2026-03-10 20:49:43.223 - RealTimeSTT: realtimestt - DEBUG - Realtime text detected: 好
2026-03-10 20:49:43.223 - RealTimeSTT: realtimestt - DEBUG - Current realtime buffer size: 22016
2026-03-10 20:49:43.258 - RealTimeSTT: realtimestt - DEBUG - Realtime text detected: 超優吧
2026-03-10 20:49:43.426 - RealTimeSTT: realtimestt - DEBUG - Current realtime buffer size: 25088
2026-03-10 20:49:43.486 - RealTimeSTT: realtimestt - DEBUG - Realtime text detected: 超有半
2026-03-10 20:49:43.843 - RealTimeSTT: realtimestt - DEBUG - Current realtime buffer size: 32256
2026-03-10 20:49:43.871 - RealTimeSTT: realtimestt - DEBUG - Realtime text detected: 超有8個
2026-03-10 20:49:44.538 - RealTimeSTT: realtimestt - INFO - recording stopped
2026-03-10 20:49:44.538 - RealTimeSTT: realtimestt - DEBUG - No samples removed, final audio length: 43008
2026-03-10 20:49:44.539 - RealTimeSTT: realtimestt - INFO - State changed from 'recording' to 'inactive'
2026-03-10 20:49:44.618 - RealTimeSTT: realtimestt - INFO - State changed from 'inactive' to 'transcribing'
2026-03-10 20:49:44.620 - RealTimeSTT: realtimestt - DEBUG - Adding transcription request, no early transcription started
2026-03-10 20:49:44.650 - RealTimeSTT: realtimestt - DEBUG - Receive from parent_transcription_pipe after sendiung transcription request, transcribe_count: 1
2026-03-10 20:49:44.758 - RealTimeSTT: realtimestt - DEBUG - Receive from parent_transcription_pipe after sendiung transcription request, transcribe_count: 1
2026-03-10 20:49:44.866 - RealTimeSTT: realtimestt - DEBUG - Receive from parent_transcription_pipe after sendiung transcription request, transcribe_count: 1
2026-03-10 20:49:44.975 - RealTimeSTT: realtimestt - DEBUG - Receive from parent_transcription_pipe after sendiung transcription request, transcribe_count: 1
2026-03-10 20:49:44.979 - RealTimeSTT: realtimestt - INFO - State changed from 'transcribing' to 'inactive'
2026-03-10 20:49:44.991 - RealTimeSTT: realtimestt - DEBUG - Model large-v2 completed transcription in 0.37 seconds
2026-03-10 20:49:44.992 - RealTimeSTT: realtimestt - INFO - Setting listen time
2026-03-10 20:49:44.993 - RealTimeSTT: realtimestt - INFO - State changed from 'inactive' to 'listening'
2026-03-10 20:49:44.994 - RealTimeSTT: realtimestt - DEBUG - Waiting for recording start
2026-03-10 20:55:01.034 - RealTimeSTT: realtimestt - INFO - KeyboardInterrupt in wait_audio, shutting down
2026-03-10 20:55:01.034 - RealTimeSTT: realtimestt - DEBUG - Finishing recording thread
2026-03-10 20:55:01.049 - RealTimeSTT: realtimestt - DEBUG - Terminating reader process
2026-03-10 20:55:01.647 - RealTimeSTT: realtimestt - DEBUG - Terminating transcription process
2026-03-10 20:55:01.780 - RealTimeSTT: realtimestt - DEBUG - Finishing realtime thread
2026-03-10 20:55:01.899 - RealTimeSTT: realtimestt - INFO - KeyboardInterrupt in text() method
2026-03-10 21:28:26.143 - RealTimeSTT: realtimestt - INFO - Starting RealTimeSTT
2026-03-10 21:28:26.173 - RealTimeSTT: realtimestt - INFO - Initializing audio recording (creating pyAudio input stream, sample rate: 16000 buffer size: 512
2026-03-10 21:28:26.177 - RealTimeSTT: realtimestt - INFO - Initializing faster_whisper realtime transcription model tiny, default device: cuda, compute type: float32, device index: 0, download root: None
2026-03-10 21:28:33.656 - RealTimeSTT: realtimestt - DEBUG - Faster_whisper realtime speech to text transcription model initialized successfully
2026-03-10 21:28:33.656 - RealTimeSTT: realtimestt - INFO - Initializing WebRTC voice with Sensitivity 3
2026-03-10 21:28:33.656 - RealTimeSTT: realtimestt - DEBUG - WebRTC VAD voice activity detection engine initialized successfully
2026-03-10 21:28:36.010 - RealTimeSTT: realtimestt - DEBUG - Silero VAD voice activity detection engine initialized successfully
2026-03-10 21:28:36.011 - RealTimeSTT: realtimestt - WARNING - Audio queue size exceeds latency limit. Current size: 219. Discarding old audio chunks.
2026-03-10 21:28:36.011 - RealTimeSTT: realtimestt - DEBUG - Starting realtime worker
2026-03-10 21:28:36.012 - RealTimeSTT: realtimestt - DEBUG - Waiting for main transcription model to start
2026-03-10 21:28:36.012 - RealTimeSTT: realtimestt - DEBUG - Main transcription model ready
2026-03-10 21:28:36.012 - RealTimeSTT: realtimestt - DEBUG - RealtimeSTT initialization completed successfully
2026-03-10 21:28:36.012 - RealTimeSTT: realtimestt - INFO - Setting listen time
2026-03-10 21:28:36.013 - RealTimeSTT: realtimestt - INFO - State changed from 'inactive' to 'listening'
2026-03-10 21:28:36.015 - RealTimeSTT: realtimestt - DEBUG - Waiting for recording start
2026-03-10 21:28:45.163 - RealTimeSTT: realtimestt - INFO - voice activity detected
2026-03-10 21:28:45.163 - RealTimeSTT: realtimestt - INFO - recording started
2026-03-10 21:28:45.163 - RealTimeSTT: realtimestt - INFO - State changed from 'listening' to 'recording'
2026-03-10 21:28:45.163 - RealTimeSTT: realtimestt - DEBUG - Waiting for recording stop
2026-03-10 21:28:45.188 - RealTimeSTT: realtimestt - DEBUG - Current realtime buffer size: 16896
2026-03-10 21:28:45.483 - RealTimeSTT: realtimestt - DEBUG - Realtime text detected: Yeah
2026-03-10 21:28:45.483 - RealTimeSTT: realtimestt - DEBUG - Current realtime buffer size: 20992
2026-03-10 21:28:45.512 - RealTimeSTT: realtimestt - DEBUG - Realtime text detected: 也好
2026-03-10 21:28:45.686 - RealTimeSTT: realtimestt - DEBUG - Current realtime buffer size: 25088
2026-03-10 21:28:45.722 - RealTimeSTT: realtimestt - DEBUG - Realtime text detected: 一號入面
2026-03-10 21:28:45.890 - RealTimeSTT: realtimestt - DEBUG - Current realtime buffer size: 28160
2026-03-10 21:28:45.942 - RealTimeSTT: realtimestt - DEBUG - Realtime text detected: 1號入面可以
2026-03-10 21:28:46.093 - RealTimeSTT: realtimestt - DEBUG - Current realtime buffer size: 31232
2026-03-10 21:28:46.141 - RealTimeSTT: realtimestt - DEBUG - Realtime text detected: 1號入面可以停到
2026-03-10 21:28:46.298 - RealTimeSTT: realtimestt - DEBUG - Current realtime buffer size: 34304
2026-03-10 21:28:46.335 - RealTimeSTT: realtimestt - DEBUG - Realtime text detected: 1號入面可以聽到我們
2026-03-10 21:28:47.083 - RealTimeSTT: realtimestt - INFO - recording stopped
2026-03-10 21:28:47.083 - RealTimeSTT: realtimestt - DEBUG - No samples removed, final audio length: 47104
2026-03-10 21:28:47.085 - RealTimeSTT: realtimestt - INFO - State changed from 'recording' to 'inactive'
2026-03-10 21:28:47.131 - RealTimeSTT: realtimestt - INFO - State changed from 'inactive' to 'transcribing'
2026-03-10 21:28:47.133 - RealTimeSTT: realtimestt - DEBUG - Adding transcription request, no early transcription started
2026-03-10 21:28:47.162 - RealTimeSTT: realtimestt - DEBUG - Receive from parent_transcription_pipe after sendiung transcription request, transcribe_count: 1
2026-03-10 21:28:47.270 - RealTimeSTT: realtimestt - DEBUG - Receive from parent_transcription_pipe after sendiung transcription request, transcribe_count: 1
2026-03-10 21:28:47.378 - RealTimeSTT: realtimestt - DEBUG - Receive from parent_transcription_pipe after sendiung transcription request, transcribe_count: 1
2026-03-10 21:28:47.486 - RealTimeSTT: realtimestt - DEBUG - Receive from parent_transcription_pipe after sendiung transcription request, transcribe_count: 1
2026-03-10 21:28:47.597 - RealTimeSTT: realtimestt - DEBUG - Receive from parent_transcription_pipe after sendiung transcription request, transcribe_count: 1
2026-03-10 21:28:47.682 - RealTimeSTT: realtimestt - INFO - State changed from 'transcribing' to 'inactive'
2026-03-10 21:28:47.691 - RealTimeSTT: realtimestt - DEBUG - Model large-v2 completed transcription in 0.56 seconds
2026-03-10 21:28:47.692 - RealTimeSTT: realtimestt - INFO - Setting listen time
2026-03-10 21:28:47.692 - RealTimeSTT: realtimestt - INFO - State changed from 'inactive' to 'listening'
2026-03-10 21:28:47.695 - RealTimeSTT: realtimestt - DEBUG - Waiting for recording start
2026-03-10 21:28:52.963 - RealTimeSTT: realtimestt - INFO - voice activity detected
2026-03-10 21:28:52.963 - RealTimeSTT: realtimestt - INFO - recording started
2026-03-10 21:28:52.963 - RealTimeSTT: realtimestt - INFO - State changed from 'listening' to 'recording'
2026-03-10 21:28:52.963 - RealTimeSTT: realtimestt - DEBUG - Waiting for recording stop
2026-03-10 21:28:52.985 - RealTimeSTT: realtimestt - DEBUG - Current realtime buffer size: 16896
2026-03-10 21:28:53.030 - RealTimeSTT: realtimestt - DEBUG - Realtime text detected: 我看
2026-03-10 21:28:53.190 - RealTimeSTT: realtimestt - DEBUG - Current realtime buffer size: 19968
2026-03-10 21:28:53.240 - RealTimeSTT: realtimestt - DEBUG - Realtime text detected: 我感覺
2026-03-10 21:28:53.396 - RealTimeSTT: realtimestt - DEBUG - Current realtime buffer size: 23040
2026-03-10 21:28:53.445 - RealTimeSTT: realtimestt - DEBUG - Realtime text detected: 我敢捐
2026-03-10 21:28:53.601 - RealTimeSTT: realtimestt - DEBUG - Current realtime buffer size: 26112
2026-03-10 21:28:53.698 - RealTimeSTT: realtimestt - DEBUG - Realtime text detected: 我敢捐你
2026-03-10 21:28:53.806 - RealTimeSTT: realtimestt - DEBUG - Current realtime buffer size: 30208
2026-03-10 21:28:53.910 - RealTimeSTT: realtimestt - DEBUG - Realtime text detected: 我感觉你现在
2026-03-10 21:28:54.010 - RealTimeSTT: realtimestt - DEBUG - Current realtime buffer size: 33280
2026-03-10 21:28:54.111 - RealTimeSTT: realtimestt - DEBUG - Realtime text detected: 我感覺你現在有
2026-03-10 21:28:54.216 - RealTimeSTT: realtimestt - DEBUG - Current realtime buffer size: 36352
2026-03-10 21:28:54.324 - RealTimeSTT: realtimestt - DEBUG - Realtime text detected: 我感覺你現在有點
2026-03-10 21:28:54.422 - RealTimeSTT: realtimestt - DEBUG - Current realtime buffer size: 39424
2026-03-10 21:28:54.528 - RealTimeSTT: realtimestt - DEBUG - Realtime text detected: 我感覺你現在有點
2026-03-10 21:28:54.832 - RealTimeSTT: realtimestt - DEBUG - Current realtime buffer size: 46592
2026-03-10 21:28:54.936 - RealTimeSTT: realtimestt - DEBUG - Realtime text detected: 我感覺你現在有點
2026-03-10 21:28:55.037 - RealTimeSTT: realtimestt - DEBUG - Current realtime buffer size: 49664
2026-03-10 21:28:55.143 - RealTimeSTT: realtimestt - DEBUG - Realtime text detected: 我感覺你現在有點
2026-03-10 21:28:55.242 - RealTimeSTT: realtimestt - DEBUG - Current realtime buffer size: 52736
2026-03-10 21:28:55.346 - RealTimeSTT: realtimestt - DEBUG - Realtime text detected: 我感覺你現在有點
2026-03-10 21:28:55.446 - RealTimeSTT: realtimestt - DEBUG - Current realtime buffer size: 55808
2026-03-10 21:28:55.550 - RealTimeSTT: realtimestt - DEBUG - Realtime text detected: 我感覺你現在有點
2026-03-10 21:28:55.646 - RealTimeSTT: realtimestt - DEBUG - Current realtime buffer size: 58880
2026-03-10 21:28:55.713 - RealTimeSTT: realtimestt - DEBUG - Realtime text detected: 我感覺你現在有點
2026-03-10 21:28:55.852 - RealTimeSTT: realtimestt - DEBUG - Current realtime buffer size: 62976
2026-03-10 21:28:55.913 - RealTimeSTT: realtimestt - DEBUG - Realtime text detected: 我感覺你現在有點...
2026-03-10 21:28:56.054 - RealTimeSTT: realtimestt - DEBUG - Current realtime buffer size: 66048
2026-03-10 21:28:56.125 - RealTimeSTT: realtimestt - DEBUG - Realtime text detected: 我感覺你現在有點...
2026-03-10 21:28:56.261 - RealTimeSTT: realtimestt - DEBUG - Current realtime buffer size: 69120
2026-03-10 21:28:56.342 - RealTimeSTT: realtimestt - DEBUG - Realtime text detected: 我感覺你現在有點太狂
2026-03-10 21:28:56.466 - RealTimeSTT: realtimestt - DEBUG - Current realtime buffer size: 72192
2026-03-10 21:28:56.543 - RealTimeSTT: realtimestt - DEBUG - Realtime text detected: 我感覺你現在有點...太狂了
2026-03-10 21:28:56.670 - RealTimeSTT: realtimestt - DEBUG - Current realtime buffer size: 75264
2026-03-10 21:28:56.753 - RealTimeSTT: realtimestt - DEBUG - Realtime text detected: 我感覺你現在有點太狂躁了
2026-03-10 21:28:57.383 - RealTimeSTT: realtimestt - INFO - recording stopped
2026-03-10 21:28:57.384 - RealTimeSTT: realtimestt - DEBUG - No samples removed, final audio length: 87040
2026-03-10 21:28:57.384 - RealTimeSTT: realtimestt - INFO - State changed from 'recording' to 'inactive'
2026-03-10 21:28:57.473 - RealTimeSTT: realtimestt - INFO - State changed from 'inactive' to 'transcribing'
2026-03-10 21:28:57.475 - RealTimeSTT: realtimestt - DEBUG - Adding transcription request, no early transcription started
2026-03-10 21:28:57.489 - RealTimeSTT: realtimestt - DEBUG - Receive from parent_transcription_pipe after sendiung transcription request, transcribe_count: 1
2026-03-10 21:28:57.598 - RealTimeSTT: realtimestt - DEBUG - Receive from parent_transcription_pipe after sendiung transcription request, transcribe_count: 1
2026-03-10 21:28:57.709 - RealTimeSTT: realtimestt - DEBUG - Receive from parent_transcription_pipe after sendiung transcription request, transcribe_count: 1
2026-03-10 21:28:57.818 - RealTimeSTT: realtimestt - DEBUG - Receive from parent_transcription_pipe after sendiung transcription request, transcribe_count: 1
2026-03-10 21:28:57.927 - RealTimeSTT: realtimestt - DEBUG - Receive from parent_transcription_pipe after sendiung transcription request, transcribe_count: 1
2026-03-10 21:28:58.037 - RealTimeSTT: realtimestt - DEBUG - Receive from parent_transcription_pipe after sendiung transcription request, transcribe_count: 1
2026-03-10 21:28:58.147 - RealTimeSTT: realtimestt - DEBUG - Receive from parent_transcription_pipe after sendiung transcription request, transcribe_count: 1
2026-03-10 21:28:58.201 - RealTimeSTT: realtimestt - INFO - State changed from 'transcribing' to 'inactive'
2026-03-10 21:28:58.241 - RealTimeSTT: realtimestt - DEBUG - Model large-v2 completed transcription in 0.77 seconds
2026-03-10 21:28:58.242 - RealTimeSTT: realtimestt - INFO - Setting listen time
2026-03-10 21:28:58.242 - RealTimeSTT: realtimestt - INFO - State changed from 'inactive' to 'listening'
2026-03-10 21:28:58.244 - RealTimeSTT: realtimestt - DEBUG - Waiting for recording start
2026-03-10 21:58:02.876 - RealTimeSTT: realtimestt - INFO - voice activity detected
2026-03-10 21:58:02.876 - RealTimeSTT: realtimestt - INFO - recording started
2026-03-10 21:58:02.876 - RealTimeSTT: realtimestt - INFO - State changed from 'listening' to 'recording'
2026-03-10 21:58:02.876 - RealTimeSTT: realtimestt - DEBUG - Waiting for recording stop
2026-03-10 21:58:02.899 - RealTimeSTT: realtimestt - DEBUG - Current realtime buffer size: 16896
2026-03-10 21:58:02.920 - RealTimeSTT: realtimestt - DEBUG - Realtime text detected: 給我
2026-03-10 21:58:03.103 - RealTimeSTT: realtimestt - DEBUG - Current realtime buffer size: 19968
2026-03-10 21:58:03.122 - RealTimeSTT: realtimestt - DEBUG - Realtime text detected: 給我
2026-03-10 21:58:03.305 - RealTimeSTT: realtimestt - DEBUG - Current realtime buffer size: 23040
2026-03-10 21:58:03.326 - RealTimeSTT: realtimestt - DEBUG - Realtime text detected: 結果吐吐
2026-03-10 21:58:03.508 - RealTimeSTT: realtimestt - DEBUG - Current realtime buffer size: 26112
2026-03-10 21:58:03.530 - RealTimeSTT: realtimestt - DEBUG - Realtime text detected: 給我凸凸
2026-03-10 21:58:03.713 - RealTimeSTT: realtimestt - DEBUG - Current realtime buffer size: 30208
2026-03-10 21:58:03.736 - RealTimeSTT: realtimestt - DEBUG - Realtime text detected: 给我读读这片
2026-03-10 21:58:03.917 - RealTimeSTT: realtimestt - DEBUG - Current realtime buffer size: 33280
2026-03-10 21:58:03.942 - RealTimeSTT: realtimestt - DEBUG - Realtime text detected: 给我读读这篇文
2026-03-10 21:58:04.123 - RealTimeSTT: realtimestt - DEBUG - Current realtime buffer size: 36352
2026-03-10 21:58:04.149 - RealTimeSTT: realtimestt - DEBUG - Realtime text detected: 给我读读这片文章
2026-03-10 21:58:04.326 - RealTimeSTT: realtimestt - DEBUG - Current realtime buffer size: 39424
2026-03-10 21:58:04.366 - RealTimeSTT: realtimestt - DEBUG - Realtime text detected: 给我读读这片文章
2026-03-10 21:58:04.542 - RealTimeSTT: realtimestt - DEBUG - Current realtime buffer size: 43520
2026-03-10 21:58:04.585 - RealTimeSTT: realtimestt - DEBUG - Realtime text detected: 给我读读这片文章,我敢
2026-03-10 21:58:04.745 - RealTimeSTT: realtimestt - DEBUG - Current realtime buffer size: 46592
2026-03-10 21:58:04.791 - RealTimeSTT: realtimestt - DEBUG - Realtime text detected: 给我读读这片文章 我感觉
2026-03-10 21:58:04.948 - RealTimeSTT: realtimestt - DEBUG - Current realtime buffer size: 49664
2026-03-10 21:58:04.995 - RealTimeSTT: realtimestt - DEBUG - Realtime text detected: 给我读读这片文章 我感觉好
2026-03-10 21:58:05.164 - RealTimeSTT: realtimestt - DEBUG - Current realtime buffer size: 52736
2026-03-10 21:58:05.213 - RealTimeSTT: realtimestt - DEBUG - Realtime text detected: 给我读读这片文章我感觉好难
2026-03-10 21:58:05.369 - RealTimeSTT: realtimestt - DEBUG - Current realtime buffer size: 56832
2026-03-10 21:58:05.420 - RealTimeSTT: realtimestt - DEBUG - Realtime text detected: 给我读读这片文章我感觉好难
2026-03-10 21:58:05.571 - RealTimeSTT: realtimestt - DEBUG - Current realtime buffer size: 59904
2026-03-10 21:58:05.621 - RealTimeSTT: realtimestt - DEBUG - Realtime text detected: 给我读读这片文章我感觉好难
2026-03-10 21:58:05.774 - RealTimeSTT: realtimestt - DEBUG - Current realtime buffer size: 62976
2026-03-10 21:58:05.824 - RealTimeSTT: realtimestt - DEBUG - Realtime text detected: 给我读读这片文章我感觉好难
2026-03-10 21:58:05.979 - RealTimeSTT: realtimestt - DEBUG - Current realtime buffer size: 66048
2026-03-10 21:58:06.032 - RealTimeSTT: realtimestt - DEBUG - Realtime text detected: 给我读读这片文章我感觉好难
2026-03-10 21:58:06.715 - RealTimeSTT: realtimestt - INFO - recording stopped
2026-03-10 21:58:06.715 - RealTimeSTT: realtimestt - DEBUG - No samples removed, final audio length: 77824
2026-03-10 21:58:06.715 - RealTimeSTT: realtimestt - INFO - State changed from 'recording' to 'inactive'
2026-03-10 21:58:06.725 - RealTimeSTT: realtimestt - INFO - State changed from 'inactive' to 'transcribing'
2026-03-10 21:58:06.727 - RealTimeSTT: realtimestt - DEBUG - Adding transcription request, no early transcription started
2026-03-10 21:58:06.756 - RealTimeSTT: realtimestt - DEBUG - Receive from parent_transcription_pipe after sendiung transcription request, transcribe_count: 1
2026-03-10 21:58:06.867 - RealTimeSTT: realtimestt - DEBUG - Receive from parent_transcription_pipe after sendiung transcription request, transcribe_count: 1
2026-03-10 21:58:06.977 - RealTimeSTT: realtimestt - DEBUG - Receive from parent_transcription_pipe after sendiung transcription request, transcribe_count: 1
2026-03-10 21:58:07.087 - RealTimeSTT: realtimestt - DEBUG - Receive from parent_transcription_pipe after sendiung transcription request, transcribe_count: 1
2026-03-10 21:58:07.196 - RealTimeSTT: realtimestt - DEBUG - Receive from parent_transcription_pipe after sendiung transcription request, transcribe_count: 1
2026-03-10 21:58:07.305 - RealTimeSTT: realtimestt - DEBUG - Receive from parent_transcription_pipe after sendiung transcription request, transcribe_count: 1
2026-03-10 21:58:07.415 - RealTimeSTT: realtimestt - DEBUG - Receive from parent_transcription_pipe after sendiung transcription request, transcribe_count: 1
2026-03-10 21:58:07.523 - RealTimeSTT: realtimestt - DEBUG - Receive from parent_transcription_pipe after sendiung transcription request, transcribe_count: 1
2026-03-10 21:58:07.631 - RealTimeSTT: realtimestt - DEBUG - Receive from parent_transcription_pipe after sendiung transcription request, transcribe_count: 1
2026-03-10 21:58:07.634 - RealTimeSTT: realtimestt - INFO - State changed from 'transcribing' to 'inactive'
2026-03-10 21:58:07.662 - RealTimeSTT: realtimestt - DEBUG - Model large-v2 completed transcription in 0.93 seconds
2026-03-10 21:58:07.663 - RealTimeSTT: realtimestt - INFO - Setting listen time
2026-03-10 21:58:07.663 - RealTimeSTT: realtimestt - INFO - State changed from 'inactive' to 'listening'
2026-03-10 21:58:07.665 - RealTimeSTT: realtimestt - DEBUG - Waiting for recording start
2026-03-10 21:59:08.154 - RealTimeSTT: realtimestt - INFO - voice activity detected
2026-03-10 21:59:08.154 - RealTimeSTT: realtimestt - INFO - recording started
2026-03-10 21:59:08.154 - RealTimeSTT: realtimestt - INFO - State changed from 'listening' to 'recording'
2026-03-10 21:59:08.154 - RealTimeSTT: realtimestt - DEBUG - Waiting for recording stop
2026-03-10 21:59:08.177 - RealTimeSTT: realtimestt - DEBUG - Current realtime buffer size: 16896
2026-03-10 21:59:08.337 - RealTimeSTT: realtimestt - DEBUG - Realtime text detected: 好
2026-03-10 21:59:08.382 - RealTimeSTT: realtimestt - DEBUG - Current realtime buffer size: 19968
2026-03-10 21:59:08.527 - RealTimeSTT: realtimestt - DEBUG - Realtime text detected: 好啊
2026-03-10 21:59:08.586 - RealTimeSTT: realtimestt - DEBUG - Current realtime buffer size: 23040
2026-03-10 21:59:08.681 - RealTimeSTT: realtimestt - DEBUG - Realtime text detected: 我看
2026-03-10 21:59:08.802 - RealTimeSTT: realtimestt - DEBUG - Current realtime buffer size: 27136
2026-03-10 21:59:08.897 - RealTimeSTT: realtimestt - DEBUG - Realtime text detected: 幫我看一下
2026-03-10 21:59:09.018 - RealTimeSTT: realtimestt - DEBUG - Current realtime buffer size: 30208
2026-03-10 21:59:09.147 - RealTimeSTT: realtimestt - DEBUG - Realtime text detected: 帮我看一下这
2026-03-10 21:59:09.221 - RealTimeSTT: realtimestt - DEBUG - Current realtime buffer size: 33280
2026-03-10 21:59:09.365 - RealTimeSTT: realtimestt - DEBUG - Realtime text detected: 帮我看一下这篇位
2026-03-10 21:59:09.425 - RealTimeSTT: realtimestt - DEBUG - Current realtime buffer size: 36352
2026-03-10 21:59:09.577 - RealTimeSTT: realtimestt - DEBUG - Realtime text detected: 帮我看一下这片文章
2026-03-10 21:59:09.631 - RealTimeSTT: realtimestt - DEBUG - Current realtime buffer size: 40448
2026-03-10 21:59:09.788 - RealTimeSTT: realtimestt - DEBUG - Realtime text detected: 帮我看一下这片文章
2026-03-10 21:59:09.835 - RealTimeSTT: realtimestt - DEBUG - Current realtime buffer size: 43520
2026-03-10 21:59:10.018 - RealTimeSTT: realtimestt - DEBUG - Realtime text detected: 帮我看一下这片文章我感觉
2026-03-10 21:59:10.039 - RealTimeSTT: realtimestt - DEBUG - Current realtime buffer size: 46592
2026-03-10 21:59:10.141 - RealTimeSTT: realtimestt - DEBUG - Realtime text detected: 帮我看一下这片文章我感觉
2026-03-10 21:59:10.242 - RealTimeSTT: realtimestt - DEBUG - Current realtime buffer size: 49664
2026-03-10 21:59:10.318 - RealTimeSTT: realtimestt - DEBUG - Realtime text detected: 帮我看一下这片文章我担捷任了
2026-03-10 21:59:10.903 - RealTimeSTT: realtimestt - INFO - recording stopped
2026-03-10 21:59:10.903 - RealTimeSTT: realtimestt - DEBUG - No samples removed, final audio length: 60416
2026-03-10 21:59:10.903 - RealTimeSTT: realtimestt - INFO - State changed from 'recording' to 'inactive'
2026-03-10 21:59:10.990 - RealTimeSTT: realtimestt - INFO - State changed from 'inactive' to 'transcribing'
2026-03-10 21:59:10.992 - RealTimeSTT: realtimestt - DEBUG - Adding transcription request, no early transcription started
2026-03-10 21:59:10.992 - RealTimeSTT: realtimestt - DEBUG - Receive from parent_transcription_pipe after sendiung transcription request, transcribe_count: 1
2026-03-10 21:59:11.100 - RealTimeSTT: realtimestt - DEBUG - Receive from parent_transcription_pipe after sendiung transcription request, transcribe_count: 1
2026-03-10 21:59:11.208 - RealTimeSTT: realtimestt - DEBUG - Receive from parent_transcription_pipe after sendiung transcription request, transcribe_count: 1
2026-03-10 21:59:11.316 - RealTimeSTT: realtimestt - DEBUG - Receive from parent_transcription_pipe after sendiung transcription request, transcribe_count: 1
2026-03-10 21:59:11.426 - RealTimeSTT: realtimestt - DEBUG - Receive from parent_transcription_pipe after sendiung transcription request, transcribe_count: 1
2026-03-10 21:59:11.535 - RealTimeSTT: realtimestt - DEBUG - Receive from parent_transcription_pipe after sendiung transcription request, transcribe_count: 1
2026-03-10 21:59:11.558 - RealTimeSTT: realtimestt - INFO - State changed from 'transcribing' to 'inactive'
2026-03-10 21:59:11.566 - RealTimeSTT: realtimestt - DEBUG - Model large-v2 completed transcription in 0.57 seconds
2026-03-10 21:59:11.568 - RealTimeSTT: realtimestt - INFO - Setting listen time
2026-03-10 21:59:11.568 - RealTimeSTT: realtimestt - INFO - State changed from 'inactive' to 'listening'
2026-03-10 21:59:11.570 - RealTimeSTT: realtimestt - DEBUG - Waiting for recording start
2026-03-10 21:59:31.253 - RealTimeSTT: realtimestt - INFO - voice activity detected
2026-03-10 21:59:31.253 - RealTimeSTT: realtimestt - INFO - recording started
2026-03-10 21:59:31.253 - RealTimeSTT: realtimestt - INFO - State changed from 'listening' to 'recording'
2026-03-10 21:59:31.254 - RealTimeSTT: realtimestt - DEBUG - Waiting for recording stop
2026-03-10 21:59:31.267 - RealTimeSTT: realtimestt - DEBUG - Current realtime buffer size: 16896
2026-03-10 21:59:31.345 - RealTimeSTT: realtimestt - DEBUG - Realtime text detected: 寶
2026-03-10 21:59:31.472 - RealTimeSTT: realtimestt - DEBUG - Current realtime buffer size: 19968
2026-03-10 21:59:31.555 - RealTimeSTT: realtimestt - DEBUG - Realtime text detected: 包我看
2026-03-10 21:59:31.676 - RealTimeSTT: realtimestt - DEBUG - Current realtime buffer size: 23040
2026-03-10 21:59:31.761 - RealTimeSTT: realtimestt - DEBUG - Realtime text detected: 包我看一下
2026-03-10 21:59:31.880 - RealTimeSTT: realtimestt - DEBUG - Current realtime buffer size: 26112
2026-03-10 21:59:31.972 - RealTimeSTT: realtimestt - DEBUG - Realtime text detected: 幫我看一下这
2026-03-10 21:59:32.084 - RealTimeSTT: realtimestt - DEBUG - Current realtime buffer size: 30208
2026-03-10 21:59:32.200 - RealTimeSTT: realtimestt - DEBUG - Realtime text detected: 帮我看一下这篇位
2026-03-10 21:59:32.290 - RealTimeSTT: realtimestt - DEBUG - Current realtime buffer size: 33280
2026-03-10 21:59:32.362 - RealTimeSTT: realtimestt - DEBUG - Realtime text detected: 帮我看一下这片文章
2026-03-10 21:59:32.491 - RealTimeSTT: realtimestt - DEBUG - Current realtime buffer size: 36352
2026-03-10 21:59:32.568 - RealTimeSTT: realtimestt - DEBUG - Realtime text detected: 把我看一下这篇文章
2026-03-10 21:59:32.698 - RealTimeSTT: realtimestt - DEBUG - Current realtime buffer size: 39424
2026-03-10 21:59:32.729 - RealTimeSTT: realtimestt - DEBUG - Realtime text detected: 帮我看一下这篇文章
2026-03-10 21:59:32.904 - RealTimeSTT: realtimestt - DEBUG - Current realtime buffer size: 42496
2026-03-10 21:59:32.951 - RealTimeSTT: realtimestt - DEBUG - Realtime text detected: 帮我看一下这篇文章我感觉
2026-03-10 21:59:33.108 - RealTimeSTT: realtimestt - DEBUG - Current realtime buffer size: 45568
2026-03-10 21:59:33.141 - RealTimeSTT: realtimestt - DEBUG - Realtime text detected: 帮我看一下这片文章 我感觉的
2026-03-10 21:59:33.310 - RealTimeSTT: realtimestt - DEBUG - Current realtime buffer size: 49664
2026-03-10 21:59:33.342 - RealTimeSTT: realtimestt - DEBUG - Realtime text detected: 把我看一下这篇文章 我感觉有点难
2026-03-10 21:59:34.073 - RealTimeSTT: realtimestt - INFO - recording stopped
2026-03-10 21:59:34.074 - RealTimeSTT: realtimestt - DEBUG - No samples removed, final audio length: 61440
2026-03-10 21:59:34.074 - RealTimeSTT: realtimestt - INFO - State changed from 'recording' to 'inactive'
2026-03-10 21:59:34.091 - RealTimeSTT: realtimestt - INFO - State changed from 'inactive' to 'transcribing'
2026-03-10 21:59:34.092 - RealTimeSTT: realtimestt - DEBUG - Adding transcription request, no early transcription started
2026-03-10 21:59:34.093 - RealTimeSTT: realtimestt - DEBUG - Receive from parent_transcription_pipe after sendiung transcription request, transcribe_count: 1
2026-03-10 21:59:34.201 - RealTimeSTT: realtimestt - DEBUG - Receive from parent_transcription_pipe after sendiung transcription request, transcribe_count: 1
2026-03-10 21:59:34.311 - RealTimeSTT: realtimestt - DEBUG - Receive from parent_transcription_pipe after sendiung transcription request, transcribe_count: 1
2026-03-10 21:59:34.419 - RealTimeSTT: realtimestt - DEBUG - Receive from parent_transcription_pipe after sendiung transcription request, transcribe_count: 1
2026-03-10 21:59:34.499 - RealTimeSTT: realtimestt - INFO - State changed from 'transcribing' to 'inactive'
2026-03-10 21:59:34.528 - RealTimeSTT: realtimestt - DEBUG - Model large-v2 completed transcription in 0.44 seconds
2026-03-10 21:59:34.529 - RealTimeSTT: realtimestt - INFO - Setting listen time
2026-03-10 21:59:34.529 - RealTimeSTT: realtimestt - INFO - State changed from 'inactive' to 'listening'
2026-03-10 21:59:34.531 - RealTimeSTT: realtimestt - DEBUG - Waiting for recording start
2026-03-10 22:02:05.868 - RealTimeSTT: realtimestt - INFO - voice activity detected
2026-03-10 22:02:05.868 - RealTimeSTT: realtimestt - INFO - recording started
2026-03-10 22:02:05.868 - RealTimeSTT: realtimestt - INFO - State changed from 'listening' to 'recording'
2026-03-10 22:02:05.868 - RealTimeSTT: realtimestt - DEBUG - Waiting for recording stop
2026-03-10 22:02:05.878 - RealTimeSTT: realtimestt - DEBUG - Current realtime buffer size: 16896
2026-03-10 22:02:05.959 - RealTimeSTT: realtimestt - DEBUG - Realtime text detected: 這就是...
2026-03-10 22:02:06.083 - RealTimeSTT: realtimestt - DEBUG - Current realtime buffer size: 19968
2026-03-10 22:02:06.449 - RealTimeSTT: realtimestt - DEBUG - Realtime text detected: 幫我看
2026-03-10 22:02:06.449 - RealTimeSTT: realtimestt - DEBUG - Current realtime buffer size: 25088
2026-03-10 22:02:06.489 - RealTimeSTT: realtimestt - DEBUG - Realtime text detected: 幫我看一下
2026-03-10 22:02:06.658 - RealTimeSTT: realtimestt - DEBUG - Current realtime buffer size: 29184
2026-03-10 22:02:06.732 - RealTimeSTT: realtimestt - DEBUG - Realtime text detected: 把我看一下这片
2026-03-10 22:02:06.862 - RealTimeSTT: realtimestt - DEBUG - Current realtime buffer size: 32256
2026-03-10 22:02:06.947 - RealTimeSTT: realtimestt - DEBUG - Realtime text detected: 把我看一下这片纹
2026-03-10 22:02:07.064 - RealTimeSTT: realtimestt - DEBUG - Current realtime buffer size: 35328
2026-03-10 22:02:07.157 - RealTimeSTT: realtimestt - DEBUG - Realtime text detected: 把我看一下这片文章
2026-03-10 22:02:07.265 - RealTimeSTT: realtimestt - DEBUG - Current realtime buffer size: 38400
2026-03-10 22:02:07.331 - RealTimeSTT: realtimestt - DEBUG - Realtime text detected: 把我看一下这片文章我
2026-03-10 22:02:07.466 - RealTimeSTT: realtimestt - DEBUG - Current realtime buffer size: 41472
2026-03-10 22:02:07.556 - RealTimeSTT: realtimestt - DEBUG - Realtime text detected: 把我看一下这片文章我感觉
2026-03-10 22:02:07.667 - RealTimeSTT: realtimestt - DEBUG - Current realtime buffer size: 44544
2026-03-10 22:02:07.760 - RealTimeSTT: realtimestt - DEBUG - Realtime text detected: 把我看一下这片文章我感觉着
2026-03-10 22:02:07.868 - RealTimeSTT: realtimestt - DEBUG - Current realtime buffer size: 48640
2026-03-10 22:02:07.969 - RealTimeSTT: realtimestt - DEBUG - Realtime text detected: 把我看一下这片文章我感觉着难
2026-03-10 22:02:08.628 - RealTimeSTT: realtimestt - INFO - recording stopped
2026-03-10 22:02:08.630 - RealTimeSTT: realtimestt - DEBUG - No samples removed, final audio length: 60416
2026-03-10 22:02:08.630 - RealTimeSTT: realtimestt - INFO - State changed from 'recording' to 'inactive'
2026-03-10 22:02:08.691 - RealTimeSTT: realtimestt - INFO - State changed from 'inactive' to 'transcribing'
2026-03-10 22:02:08.693 - RealTimeSTT: realtimestt - DEBUG - Adding transcription request, no early transcription started
2026-03-10 22:02:08.694 - RealTimeSTT: realtimestt - DEBUG - Receive from parent_transcription_pipe after sendiung transcription request, transcribe_count: 1
2026-03-10 22:02:08.800 - RealTimeSTT: realtimestt - DEBUG - Receive from parent_transcription_pipe after sendiung transcription request, transcribe_count: 1
2026-03-10 22:02:08.910 - RealTimeSTT: realtimestt - DEBUG - Receive from parent_transcription_pipe after sendiung transcription request, transcribe_count: 1
2026-03-10 22:02:09.018 - RealTimeSTT: realtimestt - DEBUG - Receive from parent_transcription_pipe after sendiung transcription request, transcribe_count: 1
2026-03-10 22:02:09.127 - RealTimeSTT: realtimestt - DEBUG - Receive from parent_transcription_pipe after sendiung transcription request, transcribe_count: 1
2026-03-10 22:02:09.212 - RealTimeSTT: realtimestt - INFO - State changed from 'transcribing' to 'inactive'
2026-03-10 22:02:09.253 - RealTimeSTT: realtimestt - DEBUG - Model large-v2 completed transcription in 0.56 seconds
2026-03-10 22:02:09.254 - RealTimeSTT: realtimestt - INFO - Setting listen time
2026-03-10 22:02:09.254 - RealTimeSTT: realtimestt - INFO - State changed from 'inactive' to 'listening'
2026-03-10 22:02:09.258 - RealTimeSTT: realtimestt - DEBUG - Waiting for recording start
2026-03-10 22:03:15.058 - RealTimeSTT: realtimestt - INFO - voice activity detected
2026-03-10 22:03:15.058 - RealTimeSTT: realtimestt - INFO - recording started
2026-03-10 22:03:15.058 - RealTimeSTT: realtimestt - INFO - State changed from 'listening' to 'recording'
2026-03-10 22:03:15.058 - RealTimeSTT: realtimestt - DEBUG - Waiting for recording stop
2026-03-10 22:03:15.062 - RealTimeSTT: realtimestt - DEBUG - Current realtime buffer size: 16896
2026-03-10 22:03:15.229 - RealTimeSTT: realtimestt - DEBUG - Realtime text detected: 小姐
2026-03-10 22:03:15.266 - RealTimeSTT: realtimestt - DEBUG - Current realtime buffer size: 19968
2026-03-10 22:03:15.357 - RealTimeSTT: realtimestt - DEBUG - Realtime text detected: 報告
2026-03-10 22:03:15.468 - RealTimeSTT: realtimestt - DEBUG - Current realtime buffer size: 23040
2026-03-10 22:03:15.575 - RealTimeSTT: realtimestt - DEBUG - Realtime text detected: 那我看一下
2026-03-10 22:03:15.670 - RealTimeSTT: realtimestt - DEBUG - Current realtime buffer size: 26112
2026-03-10 22:03:15.788 - RealTimeSTT: realtimestt - DEBUG - Realtime text detected: 把我看一下就
2026-03-10 22:03:15.874 - RealTimeSTT: realtimestt - DEBUG - Current realtime buffer size: 29184
2026-03-10 22:03:16.000 - RealTimeSTT: realtimestt - DEBUG - Realtime text detected: 那我看一下这片位
2026-03-10 22:03:16.076 - RealTimeSTT: realtimestt - DEBUG - Current realtime buffer size: 32256
2026-03-10 22:03:16.227 - RealTimeSTT: realtimestt - DEBUG - Realtime text detected: 那我看一下这片文章
2026-03-10 22:03:16.279 - RealTimeSTT: realtimestt - DEBUG - Current realtime buffer size: 36352
2026-03-10 22:03:16.350 - RealTimeSTT: realtimestt - DEBUG - Realtime text detected: 把我看一下这片文章
2026-03-10 22:03:16.978 - RealTimeSTT: realtimestt - INFO - recording stopped
2026-03-10 22:03:16.978 - RealTimeSTT: realtimestt - DEBUG - No samples removed, final audio length: 47104
2026-03-10 22:03:16.978 - RealTimeSTT: realtimestt - INFO - State changed from 'recording' to 'inactive'
2026-03-10 22:03:17.029 - RealTimeSTT: realtimestt - INFO - State changed from 'inactive' to 'transcribing'
2026-03-10 22:03:17.030 - RealTimeSTT: realtimestt - DEBUG - Adding transcription request, no early transcription started
2026-03-10 22:03:17.060 - RealTimeSTT: realtimestt - DEBUG - Receive from parent_transcription_pipe after sendiung transcription request, transcribe_count: 1
2026-03-10 22:03:17.170 - RealTimeSTT: realtimestt - DEBUG - Receive from parent_transcription_pipe after sendiung transcription request, transcribe_count: 1
2026-03-10 22:03:17.277 - RealTimeSTT: realtimestt - DEBUG - Receive from parent_transcription_pipe after sendiung transcription request, transcribe_count: 1
2026-03-10 22:03:17.386 - RealTimeSTT: realtimestt - DEBUG - Receive from parent_transcription_pipe after sendiung transcription request, transcribe_count: 1
2026-03-10 22:03:17.495 - RealTimeSTT: realtimestt - DEBUG - Receive from parent_transcription_pipe after sendiung transcription request, transcribe_count: 1
2026-03-10 22:03:17.604 - RealTimeSTT: realtimestt - DEBUG - Receive from parent_transcription_pipe after sendiung transcription request, transcribe_count: 1
2026-03-10 22:03:17.706 - RealTimeSTT: realtimestt - INFO - State changed from 'transcribing' to 'inactive'
2026-03-10 22:03:17.714 - RealTimeSTT: realtimestt - DEBUG - Model large-v2 completed transcription in 0.68 seconds
2026-03-10 22:03:17.715 - RealTimeSTT: realtimestt - INFO - Setting listen time
2026-03-10 22:03:17.715 - RealTimeSTT: realtimestt - INFO - State changed from 'inactive' to 'listening'
2026-03-10 22:03:17.718 - RealTimeSTT: realtimestt - DEBUG - Waiting for recording start
2026-03-10 22:03:33.486 - RealTimeSTT: realtimestt - INFO - voice activity detected
2026-03-10 22:03:33.486 - RealTimeSTT: realtimestt - INFO - recording started
2026-03-10 22:03:33.486 - RealTimeSTT: realtimestt - INFO - State changed from 'listening' to 'recording'
2026-03-10 22:03:33.487 - RealTimeSTT: realtimestt - DEBUG - Waiting for recording stop
2026-03-10 22:03:33.498 - RealTimeSTT: realtimestt - DEBUG - Current realtime buffer size: 16896
2026-03-10 22:03:33.573 - RealTimeSTT: realtimestt - DEBUG - Realtime text detected: 好
2026-03-10 22:03:33.703 - RealTimeSTT: realtimestt - DEBUG - Current realtime buffer size: 19968
2026-03-10 22:03:33.785 - RealTimeSTT: realtimestt - DEBUG - Realtime text detected: 幫我看
2026-03-10 22:03:33.904 - RealTimeSTT: realtimestt - DEBUG - Current realtime buffer size: 23040
2026-03-10 22:03:33.991 - RealTimeSTT: realtimestt - DEBUG - Realtime text detected: 幫我開
2026-03-10 22:03:34.106 - RealTimeSTT: realtimestt - DEBUG - Current realtime buffer size: 26112
2026-03-10 22:03:34.199 - RealTimeSTT: realtimestt - DEBUG - Realtime text detected: 幫我看一下這
2026-03-10 22:03:34.309 - RealTimeSTT: realtimestt - DEBUG - Current realtime buffer size: 29184
2026-03-10 22:03:34.410 - RealTimeSTT: realtimestt - DEBUG - Realtime text detected: 幫我看一下正面
2026-03-10 22:03:34.512 - RealTimeSTT: realtimestt - DEBUG - Current realtime buffer size: 33280
2026-03-10 22:03:34.636 - RealTimeSTT: realtimestt - DEBUG - Realtime text detected: 幫我看一下正片文章
2026-03-10 22:03:35.347 - RealTimeSTT: realtimestt - INFO - recording stopped
2026-03-10 22:03:35.347 - RealTimeSTT: realtimestt - DEBUG - No samples removed, final audio length: 46080
2026-03-10 22:03:35.347 - RealTimeSTT: realtimestt - INFO - State changed from 'recording' to 'inactive'
2026-03-10 22:03:35.370 - RealTimeSTT: realtimestt - INFO - State changed from 'inactive' to 'transcribing'
2026-03-10 22:03:35.372 - RealTimeSTT: realtimestt - DEBUG - Adding transcription request, no early transcription started
2026-03-10 22:03:35.372 - RealTimeSTT: realtimestt - DEBUG - Receive from parent_transcription_pipe after sendiung transcription request, transcribe_count: 1
2026-03-10 22:03:35.479 - RealTimeSTT: realtimestt - DEBUG - Receive from parent_transcription_pipe after sendiung transcription request, transcribe_count: 1
2026-03-10 22:03:35.590 - RealTimeSTT: realtimestt - DEBUG - Receive from parent_transcription_pipe after sendiung transcription request, transcribe_count: 1
2026-03-10 22:03:35.698 - RealTimeSTT: realtimestt - DEBUG - Receive from parent_transcription_pipe after sendiung transcription request, transcribe_count: 1
2026-03-10 22:03:35.806 - RealTimeSTT: realtimestt - DEBUG - Receive from parent_transcription_pipe after sendiung transcription request, transcribe_count: 1
2026-03-10 22:03:35.915 - RealTimeSTT: realtimestt - DEBUG - Receive from parent_transcription_pipe after sendiung transcription request, transcribe_count: 1
2026-03-10 22:03:36.025 - RealTimeSTT: realtimestt - DEBUG - Receive from parent_transcription_pipe after sendiung transcription request, transcribe_count: 1
2026-03-10 22:03:36.039 - RealTimeSTT: realtimestt - INFO - State changed from 'transcribing' to 'inactive'
2026-03-10 22:03:36.056 - RealTimeSTT: realtimestt - DEBUG - Model large-v2 completed transcription in 0.68 seconds
2026-03-10 22:03:36.058 - RealTimeSTT: realtimestt - INFO - Setting listen time
2026-03-10 22:03:36.058 - RealTimeSTT: realtimestt - INFO - State changed from 'inactive' to 'listening'
2026-03-10 22:03:36.061 - RealTimeSTT: realtimestt - DEBUG - Waiting for recording start
2026-03-10 22:03:45.196 - RealTimeSTT: realtimestt - INFO - voice activity detected
2026-03-10 22:03:45.196 - RealTimeSTT: realtimestt - INFO - recording started
2026-03-10 22:03:45.196 - RealTimeSTT: realtimestt - INFO - State changed from 'listening' to 'recording'
2026-03-10 22:03:45.197 - RealTimeSTT: realtimestt - DEBUG - Waiting for recording stop
2026-03-10 22:03:45.205 - RealTimeSTT: realtimestt - DEBUG - Current realtime buffer size: 16896
2026-03-10 22:03:45.248 - RealTimeSTT: realtimestt - DEBUG - Realtime text detected: 什麼東西?
2026-03-10 22:03:45.408 - RealTimeSTT: realtimestt - DEBUG - Current realtime buffer size: 19968
2026-03-10 22:03:45.454 - RealTimeSTT: realtimestt - DEBUG - Realtime text detected: 什麼東西?
2026-03-10 22:03:45.610 - RealTimeSTT: realtimestt - DEBUG - Current realtime buffer size: 23040
2026-03-10 22:03:45.695 - RealTimeSTT: realtimestt - DEBUG - Realtime text detected: 都誼
2026-03-10 22:03:46.346 - RealTimeSTT: realtimestt - INFO - recording stopped
2026-03-10 22:03:46.347 - RealTimeSTT: realtimestt - DEBUG - No samples removed, final audio length: 34816
2026-03-10 22:03:46.347 - RealTimeSTT: realtimestt - INFO - State changed from 'recording' to 'inactive'
2026-03-10 22:03:46.391 - RealTimeSTT: realtimestt - INFO - State changed from 'inactive' to 'transcribing'
2026-03-10 22:03:46.393 - RealTimeSTT: realtimestt - DEBUG - Adding transcription request, no early transcription started
2026-03-10 22:03:46.393 - RealTimeSTT: realtimestt - DEBUG - Receive from parent_transcription_pipe after sendiung transcription request, transcribe_count: 1
2026-03-10 22:03:46.501 - RealTimeSTT: realtimestt - DEBUG - Receive from parent_transcription_pipe after sendiung transcription request, transcribe_count: 1
2026-03-10 22:03:46.612 - RealTimeSTT: realtimestt - DEBUG - Receive from parent_transcription_pipe after sendiung transcription request, transcribe_count: 1
2026-03-10 22:03:46.720 - RealTimeSTT: realtimestt - DEBUG - Receive from parent_transcription_pipe after sendiung transcription request, transcribe_count: 1
2026-03-10 22:03:46.829 - RealTimeSTT: realtimestt - DEBUG - Receive from parent_transcription_pipe after sendiung transcription request, transcribe_count: 1
2026-03-10 22:03:46.891 - RealTimeSTT: realtimestt - INFO - State changed from 'transcribing' to 'inactive'
2026-03-10 22:03:46.892 - RealTimeSTT: realtimestt - DEBUG - Model large-v2 completed transcription in 0.50 seconds
2026-03-10 22:03:46.894 - RealTimeSTT: realtimestt - INFO - Setting listen time
2026-03-10 22:03:46.894 - RealTimeSTT: realtimestt - INFO - State changed from 'inactive' to 'listening'
2026-03-10 22:03:46.896 - RealTimeSTT: realtimestt - DEBUG - Waiting for recording start
2026-03-10 22:03:54.887 - RealTimeSTT: realtimestt - INFO - KeyboardInterrupt in wait_audio, shutting down
2026-03-10 22:03:54.888 - RealTimeSTT: realtimestt - DEBUG - Finishing recording thread
2026-03-10 22:03:54.902 - RealTimeSTT: realtimestt - DEBUG - Terminating reader process
2026-03-10 22:03:54.918 - RealTimeSTT: realtimestt - DEBUG - Receive from stdout pipe
2026-03-10 22:03:54.918 - RealTimeSTT: realtimestt - INFO - None
2026-03-10 22:03:55.563 - RealTimeSTT: realtimestt - DEBUG - Terminating transcription process
2026-03-10 22:03:55.673 - RealTimeSTT: realtimestt - DEBUG - Finishing realtime thread
2026-03-10 22:03:55.835 - RealTimeSTT: realtimestt - INFO - KeyboardInterrupt in text() method
2026-03-13 00:11:11.140 - RealTimeSTT: realtimestt - INFO - Starting RealTimeSTT
2026-03-13 00:11:11.173 - RealTimeSTT: realtimestt - INFO - Initializing audio recording (creating pyAudio input stream, sample rate: 16000 buffer size: 512
2026-03-13 00:11:11.177 - RealTimeSTT: realtimestt - INFO - Initializing faster_whisper realtime transcription model tiny, default device: cuda, compute type: float32, device index: 0, download root: None
2026-03-13 00:11:24.293 - RealTimeSTT: realtimestt - DEBUG - Faster_whisper realtime speech to text transcription model initialized successfully
2026-03-13 00:11:24.293 - RealTimeSTT: realtimestt - INFO - Initializing WebRTC voice with Sensitivity 3
2026-03-13 00:11:24.295 - RealTimeSTT: realtimestt - DEBUG - WebRTC VAD voice activity detection engine initialized successfully
2026-03-13 00:11:24.979 - RealTimeSTT: realtimestt - DEBUG - Silero VAD voice activity detection engine initialized successfully
2026-03-13 00:11:24.980 - RealTimeSTT: realtimestt - WARNING - Audio queue size exceeds latency limit. Current size: 213. Discarding old audio chunks.
2026-03-13 00:11:24.980 - RealTimeSTT: realtimestt - DEBUG - Starting realtime worker
2026-03-13 00:11:24.980 - RealTimeSTT: realtimestt - DEBUG - Waiting for main transcription model to start
2026-03-13 00:13:12.557 - RealTimeSTT: realtimestt - INFO - Starting RealTimeSTT
2026-03-13 00:13:12.585 - RealTimeSTT: realtimestt - INFO - Initializing audio recording (creating pyAudio input stream, sample rate: 16000 buffer size: 512
2026-03-13 00:13:12.588 - RealTimeSTT: realtimestt - INFO - Initializing faster_whisper realtime transcription model tiny, default device: cuda, compute type: default, device index: 0, download root: None
2026-03-13 00:13:26.302 - RealTimeSTT: realtimestt - DEBUG - Faster_whisper realtime speech to text transcription model initialized successfully
2026-03-13 00:13:26.302 - RealTimeSTT: realtimestt - INFO - Initializing WebRTC voice with Sensitivity 3
2026-03-13 00:13:26.302 - RealTimeSTT: realtimestt - DEBUG - WebRTC VAD voice activity detection engine initialized successfully
2026-03-13 00:13:26.949 - RealTimeSTT: realtimestt - DEBUG - Silero VAD voice activity detection engine initialized successfully
2026-03-13 00:13:26.951 - RealTimeSTT: realtimestt - WARNING - Audio queue size exceeds latency limit. Current size: 351. Discarding old audio chunks.
2026-03-13 00:13:26.951 - RealTimeSTT: realtimestt - DEBUG - Starting realtime worker
2026-03-13 00:13:26.951 - RealTimeSTT: realtimestt - DEBUG - Waiting for main transcription model to start
2026-03-13 00:13:26.951 - RealTimeSTT: realtimestt - DEBUG - Main transcription model ready
2026-03-13 00:13:26.951 - RealTimeSTT: realtimestt - DEBUG - RealtimeSTT initialization completed successfully
2026-03-13 00:13:26.952 - RealTimeSTT: realtimestt - INFO - Setting listen time
2026-03-13 00:13:26.952 - RealTimeSTT: realtimestt - INFO - State changed from 'inactive' to 'listening'
2026-03-13 00:13:26.954 - RealTimeSTT: realtimestt - DEBUG - Waiting for recording start
2026-03-13 00:13:30.376 - RealTimeSTT: realtimestt - INFO - voice activity detected
2026-03-13 00:13:30.376 - RealTimeSTT: realtimestt - INFO - recording started
2026-03-13 00:13:30.376 - RealTimeSTT: realtimestt - INFO - State changed from 'listening' to 'recording'
2026-03-13 00:13:30.377 - RealTimeSTT: realtimestt - DEBUG - Waiting for recording stop
2026-03-13 00:13:30.403 - RealTimeSTT: realtimestt - DEBUG - Current realtime buffer size: 16896
2026-03-13 00:13:31.439 - RealTimeSTT: realtimestt - DEBUG - Realtime text detected: Yeah
2026-03-13 00:13:31.441 - RealTimeSTT: realtimestt - DEBUG - Current realtime buffer size: 33280
2026-03-13 00:13:33.499 - RealTimeSTT: realtimestt - DEBUG - Realtime text detected: 你好录米啊
2026-03-13 00:13:33.696 - RealTimeSTT: realtimestt - INFO - recording stopped
2026-03-13 00:13:33.696 - RealTimeSTT: realtimestt - DEBUG - No samples removed, final audio length: 69632
2026-03-13 00:13:33.696 - RealTimeSTT: realtimestt - INFO - State changed from 'recording' to 'inactive'
2026-03-13 00:13:33.754 - RealTimeSTT: realtimestt - INFO - State changed from 'inactive' to 'transcribing'
2026-03-13 00:13:33.755 - RealTimeSTT: realtimestt - DEBUG - Adding transcription request, no early transcription started
2026-03-13 00:13:33.783 - RealTimeSTT: realtimestt - DEBUG - Receive from parent_transcription_pipe after sendiung transcription request, transcribe_count: 1
2026-03-13 00:13:33.891 - RealTimeSTT: realtimestt - DEBUG - Receive from parent_transcription_pipe after sendiung transcription request, transcribe_count: 1
2026-03-13 00:13:34.000 - RealTimeSTT: realtimestt - DEBUG - Receive from parent_transcription_pipe after sendiung transcription request, transcribe_count: 1
2026-03-13 00:13:34.109 - RealTimeSTT: realtimestt - DEBUG - Receive from parent_transcription_pipe after sendiung transcription request, transcribe_count: 1
2026-03-13 00:13:34.219 - RealTimeSTT: realtimestt - DEBUG - Receive from parent_transcription_pipe after sendiung transcription request, transcribe_count: 1
2026-03-13 00:13:34.328 - RealTimeSTT: realtimestt - DEBUG - Receive from parent_transcription_pipe after sendiung transcription request, transcribe_count: 1
2026-03-13 00:13:34.436 - RealTimeSTT: realtimestt - DEBUG - Receive from parent_transcription_pipe after sendiung transcription request, transcribe_count: 1
2026-03-13 00:13:34.543 - RealTimeSTT: realtimestt - DEBUG - Receive from parent_transcription_pipe after sendiung transcription request, transcribe_count: 1
2026-03-13 00:13:34.651 - RealTimeSTT: realtimestt - DEBUG - Receive from parent_transcription_pipe after sendiung transcription request, transcribe_count: 1
2026-03-13 00:13:34.760 - RealTimeSTT: realtimestt - DEBUG - Receive from parent_transcription_pipe after sendiung transcription request, transcribe_count: 1
2026-03-13 00:13:34.868 - RealTimeSTT: realtimestt - DEBUG - Receive from parent_transcription_pipe after sendiung transcription request, transcribe_count: 1
2026-03-13 00:13:34.976 - RealTimeSTT: realtimestt - DEBUG - Receive from parent_transcription_pipe after sendiung transcription request, transcribe_count: 1
2026-03-13 00:13:35.085 - RealTimeSTT: realtimestt - DEBUG - Receive from parent_transcription_pipe after sendiung transcription request, transcribe_count: 1
2026-03-13 00:13:35.192 - RealTimeSTT: realtimestt - DEBUG - Receive from parent_transcription_pipe after sendiung transcription request, transcribe_count: 1
2026-03-13 00:13:35.301 - RealTimeSTT: realtimestt - DEBUG - Receive from parent_transcription_pipe after sendiung transcription request, transcribe_count: 1
2026-03-13 00:13:35.408 - RealTimeSTT: realtimestt - DEBUG - Receive from parent_transcription_pipe after sendiung transcription request, transcribe_count: 1
2026-03-13 00:13:35.518 - RealTimeSTT: realtimestt - DEBUG - Receive from parent_transcription_pipe after sendiung transcription request, transcribe_count: 1
2026-03-13 00:13:35.627 - RealTimeSTT: realtimestt - DEBUG - Receive from parent_transcription_pipe after sendiung transcription request, transcribe_count: 1
2026-03-13 00:13:35.736 - RealTimeSTT: realtimestt - DEBUG - Receive from parent_transcription_pipe after sendiung transcription request, transcribe_count: 1
2026-03-13 00:13:35.844 - RealTimeSTT: realtimestt - DEBUG - Receive from parent_transcription_pipe after sendiung transcription request, transcribe_count: 1
2026-03-13 00:13:35.953 - RealTimeSTT: realtimestt - DEBUG - Receive from parent_transcription_pipe after sendiung transcription request, transcribe_count: 1
2026-03-13 00:13:36.062 - RealTimeSTT: realtimestt - DEBUG - Receive from parent_transcription_pipe after sendiung transcription request, transcribe_count: 1
2026-03-13 00:13:36.170 - RealTimeSTT: realtimestt - DEBUG - Receive from parent_transcription_pipe after sendiung transcription request, transcribe_count: 1
2026-03-13 00:13:36.279 - RealTimeSTT: realtimestt - DEBUG - Receive from parent_transcription_pipe after sendiung transcription request, transcribe_count: 1
2026-03-13 00:13:36.389 - RealTimeSTT: realtimestt - DEBUG - Receive from parent_transcription_pipe after sendiung transcription request, transcribe_count: 1
2026-03-13 00:13:36.498 - RealTimeSTT: realtimestt - DEBUG - Receive from parent_transcription_pipe after sendiung transcription request, transcribe_count: 1
2026-03-13 00:13:36.607 - RealTimeSTT: realtimestt - DEBUG - Receive from parent_transcription_pipe after sendiung transcription request, transcribe_count: 1
2026-03-13 00:13:36.716 - RealTimeSTT: realtimestt - DEBUG - Receive from parent_transcription_pipe after sendiung transcription request, transcribe_count: 1
2026-03-13 00:13:36.823 - RealTimeSTT: realtimestt - DEBUG - Receive from parent_transcription_pipe after sendiung transcription request, transcribe_count: 1
2026-03-13 00:13:36.932 - RealTimeSTT: realtimestt - DEBUG - Receive from parent_transcription_pipe after sendiung transcription request, transcribe_count: 1
2026-03-13 00:13:37.041 - RealTimeSTT: realtimestt - DEBUG - Receive from parent_transcription_pipe after sendiung transcription request, transcribe_count: 1
2026-03-13 00:13:37.149 - RealTimeSTT: realtimestt - DEBUG - Receive from parent_transcription_pipe after sendiung transcription request, transcribe_count: 1
2026-03-13 00:13:37.257 - RealTimeSTT: realtimestt - DEBUG - Receive from parent_transcription_pipe after sendiung transcription request, transcribe_count: 1
2026-03-13 00:13:37.368 - RealTimeSTT: realtimestt - DEBUG - Receive from parent_transcription_pipe after sendiung transcription request, transcribe_count: 1
2026-03-13 00:13:37.475 - RealTimeSTT: realtimestt - DEBUG - Receive from parent_transcription_pipe after sendiung transcription request, transcribe_count: 1
2026-03-13 00:13:37.584 - RealTimeSTT: realtimestt - DEBUG - Receive from parent_transcription_pipe after sendiung transcription request, transcribe_count: 1
2026-03-13 00:13:37.691 - RealTimeSTT: realtimestt - DEBUG - Receive from parent_transcription_pipe after sendiung transcription request, transcribe_count: 1
2026-03-13 00:13:37.800 - RealTimeSTT: realtimestt - DEBUG - Receive from parent_transcription_pipe after sendiung transcription request, transcribe_count: 1
2026-03-13 00:13:37.910 - RealTimeSTT: realtimestt - DEBUG - Receive from parent_transcription_pipe after sendiung transcription request, transcribe_count: 1
2026-03-13 00:13:38.020 - RealTimeSTT: realtimestt - DEBUG - Receive from parent_transcription_pipe after sendiung transcription request, transcribe_count: 1
2026-03-13 00:13:38.128 - RealTimeSTT: realtimestt - DEBUG - Receive from parent_transcription_pipe after sendiung transcription request, transcribe_count: 1
2026-03-13 00:13:38.238 - RealTimeSTT: realtimestt - DEBUG - Receive from parent_transcription_pipe after sendiung transcription request, transcribe_count: 1
2026-03-13 00:13:38.348 - RealTimeSTT: realtimestt - DEBUG - Receive from parent_transcription_pipe after sendiung transcription request, transcribe_count: 1
2026-03-13 00:13:38.456 - RealTimeSTT: realtimestt - DEBUG - Receive from parent_transcription_pipe after sendiung transcription request, transcribe_count: 1
2026-03-13 00:13:38.563 - RealTimeSTT: realtimestt - DEBUG - Receive from parent_transcription_pipe after sendiung transcription request, transcribe_count: 1
2026-03-13 00:13:38.672 - RealTimeSTT: realtimestt - DEBUG - Receive from parent_transcription_pipe after sendiung transcription request, transcribe_count: 1
2026-03-13 00:13:38.781 - RealTimeSTT: realtimestt - DEBUG - Receive from parent_transcription_pipe after sendiung transcription request, transcribe_count: 1
2026-03-13 00:13:38.889 - RealTimeSTT: realtimestt - DEBUG - Receive from parent_transcription_pipe after sendiung transcription request, transcribe_count: 1
2026-03-13 00:13:38.960 - RealTimeSTT: realtimestt - INFO - State changed from 'transcribing' to 'inactive'
2026-03-13 00:13:38.969 - RealTimeSTT: realtimestt - DEBUG - Model base completed transcription in 5.21 seconds
2026-03-13 00:13:38.969 - RealTimeSTT: realtimestt - INFO - Setting listen time
2026-03-13 00:13:38.969 - RealTimeSTT: realtimestt - INFO - State changed from 'inactive' to 'listening'
2026-03-13 00:13:38.972 - RealTimeSTT: realtimestt - DEBUG - Waiting for recording start
2026-03-13 00:13:44.776 - RealTimeSTT: realtimestt - INFO - voice activity detected
2026-03-13 00:13:44.776 - RealTimeSTT: realtimestt - INFO - recording started
2026-03-13 00:13:44.776 - RealTimeSTT: realtimestt - INFO - State changed from 'listening' to 'recording'
2026-03-13 00:13:44.776 - RealTimeSTT: realtimestt - DEBUG - Waiting for recording stop
2026-03-13 00:13:44.804 - RealTimeSTT: realtimestt - DEBUG - Current realtime buffer size: 16896
2026-03-13 00:13:46.039 - RealTimeSTT: realtimestt - DEBUG - Realtime text detected: 我們...
2026-03-13 00:13:46.039 - RealTimeSTT: realtimestt - DEBUG - Current realtime buffer size: 36352
2026-03-13 00:13:46.756 - RealTimeSTT: realtimestt - INFO - recording stopped
2026-03-13 00:13:46.757 - RealTimeSTT: realtimestt - DEBUG - No samples removed, final audio length: 48128
2026-03-13 00:13:46.757 - RealTimeSTT: realtimestt - INFO - State changed from 'recording' to 'inactive'
2026-03-13 00:13:46.848 - RealTimeSTT: realtimestt - INFO - State changed from 'inactive' to 'transcribing'
2026-03-13 00:13:46.849 - RealTimeSTT: realtimestt - DEBUG - Adding transcription request, no early transcription started
2026-03-13 00:13:46.849 - RealTimeSTT: realtimestt - DEBUG - Receive from parent_transcription_pipe after sendiung transcription request, transcribe_count: 1
2026-03-13 00:13:46.956 - RealTimeSTT: realtimestt - DEBUG - Receive from parent_transcription_pipe after sendiung transcription request, transcribe_count: 1
2026-03-13 00:13:47.064 - RealTimeSTT: realtimestt - DEBUG - Receive from parent_transcription_pipe after sendiung transcription request, transcribe_count: 1
2026-03-13 00:13:47.174 - RealTimeSTT: realtimestt - DEBUG - Receive from parent_transcription_pipe after sendiung transcription request, transcribe_count: 1
2026-03-13 00:13:47.281 - RealTimeSTT: realtimestt - DEBUG - Receive from parent_transcription_pipe after sendiung transcription request, transcribe_count: 1
2026-03-13 00:13:47.389 - RealTimeSTT: realtimestt - DEBUG - Receive from parent_transcription_pipe after sendiung transcription request, transcribe_count: 1
2026-03-13 00:13:47.499 - RealTimeSTT: realtimestt - DEBUG - Receive from parent_transcription_pipe after sendiung transcription request, transcribe_count: 1
2026-03-13 00:13:47.611 - RealTimeSTT: realtimestt - DEBUG - Receive from parent_transcription_pipe after sendiung transcription request, transcribe_count: 1
2026-03-13 00:13:47.718 - RealTimeSTT: realtimestt - DEBUG - Receive from parent_transcription_pipe after sendiung transcription request, transcribe_count: 1
2026-03-13 00:13:47.828 - RealTimeSTT: realtimestt - DEBUG - Receive from parent_transcription_pipe after sendiung transcription request, transcribe_count: 1
2026-03-13 00:13:47.937 - RealTimeSTT: realtimestt - DEBUG - Receive from parent_transcription_pipe after sendiung transcription request, transcribe_count: 1
2026-03-13 00:13:48.046 - RealTimeSTT: realtimestt - DEBUG - Receive from parent_transcription_pipe after sendiung transcription request, transcribe_count: 1
2026-03-13 00:13:48.154 - RealTimeSTT: realtimestt - DEBUG - Receive from parent_transcription_pipe after sendiung transcription request, transcribe_count: 1
2026-03-13 00:13:48.262 - RealTimeSTT: realtimestt - DEBUG - Receive from parent_transcription_pipe after sendiung transcription request, transcribe_count: 1
2026-03-13 00:13:48.371 - RealTimeSTT: realtimestt - DEBUG - Receive from parent_transcription_pipe after sendiung transcription request, transcribe_count: 1
2026-03-13 00:13:48.479 - RealTimeSTT: realtimestt - DEBUG - Receive from parent_transcription_pipe after sendiung transcription request, transcribe_count: 1
2026-03-13 00:13:48.586 - RealTimeSTT: realtimestt - DEBUG - Receive from parent_transcription_pipe after sendiung transcription request, transcribe_count: 1
2026-03-13 00:13:48.694 - RealTimeSTT: realtimestt - DEBUG - Receive from parent_transcription_pipe after sendiung transcription request, transcribe_count: 1
2026-03-13 00:13:48.803 - RealTimeSTT: realtimestt - DEBUG - Receive from parent_transcription_pipe after sendiung transcription request, transcribe_count: 1
2026-03-13 00:13:48.911 - RealTimeSTT: realtimestt - DEBUG - Receive from parent_transcription_pipe after sendiung transcription request, transcribe_count: 1
2026-03-13 00:13:49.020 - RealTimeSTT: realtimestt - DEBUG - Receive from parent_transcription_pipe after sendiung transcription request, transcribe_count: 1
2026-03-13 00:13:49.121 - RealTimeSTT: realtimestt - DEBUG - Realtime text detected: 武在呢有什么分副吗
2026-03-13 00:13:49.129 - RealTimeSTT: realtimestt - DEBUG - Receive from parent_transcription_pipe after sendiung transcription request, transcribe_count: 1
2026-03-13 00:13:49.239 - RealTimeSTT: realtimestt - DEBUG - Receive from parent_transcription_pipe after sendiung transcription request, transcribe_count: 1
2026-03-13 00:13:49.348 - RealTimeSTT: realtimestt - DEBUG - Receive from parent_transcription_pipe after sendiung transcription request, transcribe_count: 1
2026-03-13 00:13:49.457 - RealTimeSTT: realtimestt - DEBUG - Receive from parent_transcription_pipe after sendiung transcription request, transcribe_count: 1
2026-03-13 00:13:49.564 - RealTimeSTT: realtimestt - DEBUG - Receive from parent_transcription_pipe after sendiung transcription request, transcribe_count: 1
2026-03-13 00:13:49.673 - RealTimeSTT: realtimestt - DEBUG - Receive from parent_transcription_pipe after sendiung transcription request, transcribe_count: 1
2026-03-13 00:13:49.782 - RealTimeSTT: realtimestt - DEBUG - Receive from parent_transcription_pipe after sendiung transcription request, transcribe_count: 1
2026-03-13 00:13:49.890 - RealTimeSTT: realtimestt - DEBUG - Receive from parent_transcription_pipe after sendiung transcription request, transcribe_count: 1
2026-03-13 00:13:49.999 - RealTimeSTT: realtimestt - DEBUG - Receive from parent_transcription_pipe after sendiung transcription request, transcribe_count: 1
2026-03-13 00:13:50.107 - RealTimeSTT: realtimestt - DEBUG - Receive from parent_transcription_pipe after sendiung transcription request, transcribe_count: 1
2026-03-13 00:13:50.216 - RealTimeSTT: realtimestt - DEBUG - Receive from parent_transcription_pipe after sendiung transcription request, transcribe_count: 1
2026-03-13 00:13:50.325 - RealTimeSTT: realtimestt - DEBUG - Receive from parent_transcription_pipe after sendiung transcription request, transcribe_count: 1
2026-03-13 00:13:50.432 - RealTimeSTT: realtimestt - DEBUG - Receive from parent_transcription_pipe after sendiung transcription request, transcribe_count: 1
2026-03-13 00:13:50.543 - RealTimeSTT: realtimestt - DEBUG - Receive from parent_transcription_pipe after sendiung transcription request, transcribe_count: 1
2026-03-13 00:13:50.652 - RealTimeSTT: realtimestt - DEBUG - Receive from parent_transcription_pipe after sendiung transcription request, transcribe_count: 1
2026-03-13 00:13:50.760 - RealTimeSTT: realtimestt - DEBUG - Receive from parent_transcription_pipe after sendiung transcription request, transcribe_count: 1
2026-03-13 00:13:50.868 - RealTimeSTT: realtimestt - DEBUG - Receive from parent_transcription_pipe after sendiung transcription request, transcribe_count: 1
2026-03-13 00:13:50.976 - RealTimeSTT: realtimestt - DEBUG - Receive from parent_transcription_pipe after sendiung transcription request, transcribe_count: 1
2026-03-13 00:13:51.083 - RealTimeSTT: realtimestt - DEBUG - Receive from parent_transcription_pipe after sendiung transcription request, transcribe_count: 1
2026-03-13 00:13:51.191 - RealTimeSTT: realtimestt - DEBUG - Receive from parent_transcription_pipe after sendiung transcription request, transcribe_count: 1
2026-03-13 00:13:51.300 - RealTimeSTT: realtimestt - DEBUG - Receive from parent_transcription_pipe after sendiung transcription request, transcribe_count: 1
2026-03-13 00:13:51.408 - RealTimeSTT: realtimestt - DEBUG - Receive from parent_transcription_pipe after sendiung transcription request, transcribe_count: 1
2026-03-13 00:13:51.517 - RealTimeSTT: realtimestt - DEBUG - Receive from parent_transcription_pipe after sendiung transcription request, transcribe_count: 1
2026-03-13 00:13:51.626 - RealTimeSTT: realtimestt - DEBUG - Receive from parent_transcription_pipe after sendiung transcription request, transcribe_count: 1
2026-03-13 00:13:51.735 - RealTimeSTT: realtimestt - DEBUG - Receive from parent_transcription_pipe after sendiung transcription request, transcribe_count: 1
2026-03-13 00:13:51.749 - RealTimeSTT: realtimestt - INFO - State changed from 'transcribing' to 'inactive'
2026-03-13 00:13:51.751 - RealTimeSTT: realtimestt - DEBUG - Model base completed transcription in 4.90 seconds
2026-03-13 00:13:51.753 - RealTimeSTT: realtimestt - INFO - Setting listen time
2026-03-13 00:13:51.753 - RealTimeSTT: realtimestt - INFO - State changed from 'inactive' to 'listening'
2026-03-13 00:13:51.754 - RealTimeSTT: realtimestt - DEBUG - Waiting for recording start
2026-03-13 00:14:06.144 - RealTimeSTT: realtimestt - INFO - KeyboardInterrupt in wait_audio, shutting down
2026-03-13 00:14:06.144 - RealTimeSTT: realtimestt - DEBUG - Finishing recording thread
2026-03-13 00:14:06.144 - RealTimeSTT: realtimestt - DEBUG - Terminating reader process
2026-03-13 00:14:06.837 - RealTimeSTT: realtimestt - DEBUG - Terminating transcription process
2026-03-13 00:14:07.076 - RealTimeSTT: realtimestt - DEBUG - Finishing realtime thread
2026-03-13 00:14:07.215 - RealTimeSTT: realtimestt - INFO - KeyboardInterrupt in text() method
